

Started GET "/home/index" for 127.0.0.1 at 2010-10-13 22:47:50 -0400
  Processing by HomeController#index as HTML
Rendered home/index.html.erb within layouts/application (4.0ms)
Completed 200 OK in 26ms (Views: 26.0ms | ActiveRecord: 0.0ms)


Started GET "/home/index" for 127.0.0.1 at 2010-10-14 23:08:38 -0400
  Processing by HomeController#index as HTML
Rendered home/index.html.erb within layouts/application (3.0ms)
Completed 200 OK in 44ms (Views: 44.0ms | ActiveRecord: 0.0ms)


Started GET "/home/index" for 127.0.0.1 at 2010-10-15 13:38:34 -0400
  Processing by HomeController#index as HTML
Rendered home/index.html.erb within layouts/application (4.0ms)
Completed 200 OK in 27ms (Views: 27.0ms | ActiveRecord: 0.0ms)


Started GET "/home/index" for 127.0.0.1 at 2010-10-15 13:40:57 -0400
  Processing by HomeController#index as HTML
Rendered home/index.html.erb within layouts/application (3.0ms)
Completed 200 OK in 27ms (Views: 27.0ms | ActiveRecord: 0.0ms)


Started GET "/home/index" for 127.0.0.1 at 2010-10-15 13:41:06 -0400
  Processing by HomeController#index as HTML
Rendered home/index.html.erb within layouts/application (3.0ms)
Completed 200 OK in 26ms (Views: 26.0ms | ActiveRecord: 0.0ms)


Started GET "/home/index" for 127.0.0.1 at 2010-10-15 13:41:14 -0400
  Processing by HomeController#index as HTML
Rendered home/index.html.erb within layouts/application (3.0ms)
Completed 200 OK in 28ms (Views: 27.0ms | ActiveRecord: 0.0ms)


Started GET "/home/index" for 127.0.0.1 at 2010-10-15 13:41:58 -0400
  Processing by HomeController#index as HTML
Rendered home/index.html.erb within layouts/application (3.0ms)
Completed 200 OK in 27ms (Views: 26.0ms | ActiveRecord: 0.0ms)


Started GET "/home/index" for 127.0.0.1 at 2010-10-15 13:42:11 -0400
  Processing by HomeController#index as HTML
Rendered home/index.html.erb within layouts/application (5.0ms)
Completed 200 OK in 29ms (Views: 29.0ms | ActiveRecord: 0.0ms)


Started GET "/home/index" for 127.0.0.1 at 2010-10-15 13:42:39 -0400
  Processing by HomeController#index as HTML
Rendered home/index.html.erb within layouts/application (4.0ms)
Completed 200 OK in 26ms (Views: 26.0ms | ActiveRecord: 0.0ms)


Started GET "/home/index" for 127.0.0.1 at 2010-10-15 13:42:57 -0400
  Processing by HomeController#index as HTML
Rendered home/index.html.erb within layouts/application (3.0ms)
Completed 200 OK in 27ms (Views: 26.0ms | ActiveRecord: 0.0ms)


Started GET "/home/index" for 127.0.0.1 at 2010-10-16 08:46:25 -0400
  Processing by HomeController#index as HTML
Rendered home/index.html.erb within layouts/application (5.0ms)
Completed 200 OK in 28ms (Views: 28.0ms | ActiveRecord: 0.0ms)


Started GET "/home/index" for 127.0.0.1 at 2010-10-16 09:11:07 -0400
  Processing by HomeController#index as HTML
Rendered home/index.html.erb within layouts/application (4.0ms)
Completed 200 OK in 26ms (Views: 25.0ms | ActiveRecord: 0.0ms)


Started GET "/home/index" for 127.0.0.1 at 2010-10-16 09:11:21 -0400
  Processing by HomeController#index as HTML
Rendered home/index.html.erb within layouts/application (4.0ms)
Completed 200 OK in 27ms (Views: 26.0ms | ActiveRecord: 0.0ms)


Started GET "/home/index" for 127.0.0.1 at 2010-10-16 09:11:30 -0400
  Processing by HomeController#index as HTML
Rendered home/index.html.erb within layouts/application (3.0ms)
Completed 200 OK in 25ms (Views: 25.0ms | ActiveRecord: 0.0ms)


Started GET "/home/index" for 127.0.0.1 at 2010-10-16 09:11:39 -0400
  Processing by HomeController#index as HTML
Rendered home/index.html.erb within layouts/application (4.0ms)
Completed 200 OK in 26ms (Views: 26.0ms | ActiveRecord: 0.0ms)


Started GET "/home/index" for 127.0.0.1 at 2010-10-16 09:11:48 -0400
  Processing by HomeController#index as HTML
Rendered home/index.html.erb within layouts/application (3.0ms)
Completed 200 OK in 26ms (Views: 26.0ms | ActiveRecord: 0.0ms)


Started GET "/home/index" for 127.0.0.1 at 2010-10-16 09:11:58 -0400
  Processing by HomeController#index as HTML
Rendered home/index.html.erb within layouts/application (3.0ms)
Completed 200 OK in 25ms (Views: 25.0ms | ActiveRecord: 0.0ms)


Started GET "/home/index" for 127.0.0.1 at 2010-10-16 09:12:02 -0400
  Processing by HomeController#index as HTML
Rendered home/index.html.erb within layouts/application (3.0ms)
Completed 200 OK in 26ms (Views: 26.0ms | ActiveRecord: 0.0ms)


Started GET "/home/index" for 127.0.0.1 at 2010-10-16 09:12:07 -0400
  Processing by HomeController#index as HTML
Rendered home/index.html.erb within layouts/application (4.0ms)
Completed 200 OK in 26ms (Views: 26.0ms | ActiveRecord: 0.0ms)


Started GET "/home/index" for 127.0.0.1 at 2010-10-16 09:12:47 -0400
  Processing by HomeController#index as HTML
Rendered home/index.html.erb within layouts/application (4.0ms)
Completed 200 OK in 26ms (Views: 26.0ms | ActiveRecord: 0.0ms)


Started GET "/home/index" for 127.0.0.1 at 2010-10-16 09:18:28 -0400
  Processing by HomeController#index as HTML
Rendered home/index.html.erb within layouts/application (3.0ms)
Completed 200 OK in 25ms (Views: 25.0ms | ActiveRecord: 0.0ms)


Started GET "/home/index" for 127.0.0.1 at 2010-10-16 09:18:37 -0400
  Processing by HomeController#index as HTML
Rendered home/index.html.erb within layouts/application (4.0ms)
Completed 200 OK in 26ms (Views: 25.0ms | ActiveRecord: 0.0ms)


Started GET "/home/index" for 127.0.0.1 at 2010-10-16 09:21:34 -0400
  Processing by HomeController#index as HTML
Rendered home/index.html.erb within layouts/application (19.0ms)
Completed 200 OK in 42ms (Views: 42.0ms | ActiveRecord: 0.0ms)


Started GET "/home/index" for 127.0.0.1 at 2010-10-16 09:45:21 -0400
  Processing by HomeController#index as HTML
Rendered home/index.html.erb within layouts/application (4.0ms)
Completed 200 OK in 25ms (Views: 25.0ms | ActiveRecord: 0.0ms)


Started GET "/home/index" for 127.0.0.1 at 2010-10-16 09:45:35 -0400
  Processing by HomeController#index as HTML
Rendered home/index.html.erb within layouts/application (3.0ms)
Completed 200 OK in 26ms (Views: 25.0ms | ActiveRecord: 0.0ms)


Started GET "/home/index" for 127.0.0.1 at 2010-10-16 10:13:41 -0400
  Processing by HomeController#index as HTML
Rendered home/index.html.erb within layouts/application (4.0ms)
Completed 200 OK in 26ms (Views: 26.0ms | ActiveRecord: 0.0ms)


Started GET "/home/index" for 127.0.0.1 at 2010-10-16 10:14:03 -0400
  Processing by HomeController#index as HTML
Rendered home/index.html.erb within layouts/application (4.0ms)
Completed 200 OK in 28ms (Views: 28.0ms | ActiveRecord: 0.0ms)


Started GET "/home/index" for 127.0.0.1 at 2010-10-16 10:22:34 -0400
  Processing by HomeController#index as HTML
Rendered home/index.html.erb within layouts/application (4.0ms)
Completed 200 OK in 25ms (Views: 25.0ms | ActiveRecord: 0.0ms)


Started GET "/home/index" for 127.0.0.1 at 2010-10-16 10:24:01 -0400
  Processing by HomeController#index as HTML
Rendered home/index.html.erb within layouts/application (3.0ms)
Completed 200 OK in 27ms (Views: 26.0ms | ActiveRecord: 0.0ms)


Started GET "/home/index" for 127.0.0.1 at 2010-10-16 10:24:37 -0400
  Processing by HomeController#index as HTML
Rendered home/index.html.erb within layouts/application (5.0ms)
Completed 200 OK in 28ms (Views: 28.0ms | ActiveRecord: 0.0ms)


Started GET "/home/index" for 127.0.0.1 at 2010-10-16 10:24:50 -0400
  Processing by HomeController#index as HTML
Rendered home/index.html.erb within layouts/application (3.0ms)
Completed 200 OK in 26ms (Views: 26.0ms | ActiveRecord: 0.0ms)


Started GET "/home/index" for 127.0.0.1 at 2010-10-18 10:14:29 -0400
  Processing by HomeController#index as HTML
Rendered home/index.html.erb within layouts/application (61.2ms)
Completed 200 OK in 104ms (Views: 104.4ms | ActiveRecord: 0.0ms)


Started GET "/home/index" for 127.0.0.1 at 2010-10-18 10:17:27 -0400
  Processing by HomeController#index as HTML
Rendered home/index.html.erb within layouts/application (4.0ms)
Completed 200 OK in 26ms (Views: 25.0ms | ActiveRecord: 0.0ms)


Started GET "/home/index" for 127.0.0.1 at 2010-10-18 10:17:38 -0400
  Processing by HomeController#index as HTML
Rendered home/index.html.erb within layouts/application (3.0ms)
Completed 200 OK in 26ms (Views: 26.0ms | ActiveRecord: 0.0ms)


Started GET "/home/index" for 127.0.0.1 at 2010-10-18 10:18:03 -0400
  Processing by HomeController#index as HTML
Rendered home/index.html.erb within layouts/application (4.0ms)
Completed 200 OK in 27ms (Views: 26.0ms | ActiveRecord: 0.0ms)


Started GET "/home/index" for 127.0.0.1 at 2010-10-18 10:18:10 -0400
  Processing by HomeController#index as HTML
Rendered home/index.html.erb within layouts/application (4.0ms)
Completed 200 OK in 26ms (Views: 26.0ms | ActiveRecord: 0.0ms)


Started GET "/home/index" for 127.0.0.1 at 2010-10-18 10:18:20 -0400
  Processing by HomeController#index as HTML
Rendered home/index.html.erb within layouts/application (4.0ms)
Completed 200 OK in 25ms (Views: 25.0ms | ActiveRecord: 0.0ms)


Started GET "/home/index" for 127.0.0.1 at 2010-10-18 10:19:09 -0400
  Processing by HomeController#index as HTML
Rendered home/index.html.erb within layouts/application (4.0ms)
Completed 200 OK in 25ms (Views: 25.0ms | ActiveRecord: 0.0ms)


Started GET "/home/index" for 127.0.0.1 at 2010-10-18 10:19:22 -0400
  Processing by HomeController#index as HTML
Rendered home/index.html.erb within layouts/application (3.0ms)
Completed 200 OK in 26ms (Views: 25.0ms | ActiveRecord: 0.0ms)


Started GET "/home/index" for 127.0.0.1 at 2010-10-18 10:31:58 -0400
  Processing by HomeController#index as HTML
Rendered home/index.html.erb within layouts/application (20.0ms)
Completed 200 OK in 41ms (Views: 41.0ms | ActiveRecord: 0.0ms)


Started GET "/home/index" for 127.0.0.1 at 2010-10-18 11:21:50 -0400
  Processing by HomeController#index as HTML
Rendered home/index.html.erb within layouts/application (4.0ms)
Completed 200 OK in 26ms (Views: 26.0ms | ActiveRecord: 0.0ms)


Started GET "/stylesheets/images/img01.gif" for 127.0.0.1 at 2010-10-18 11:21:50 -0400

ActionController::RoutingError (No route matches "/stylesheets/images/img01.gif"):
  

Rendered C:/Ruby/lib/ruby/gems/1.9.1/gems/actionpack-3.0.0.rc2/lib/action_dispatch/middleware/templates/rescues/routing_error.erb within rescues/layout (1.0ms)


Started GET "/stylesheets/images/img02.gif" for 127.0.0.1 at 2010-10-18 11:21:50 -0400

ActionController::RoutingError (No route matches "/stylesheets/images/img02.gif"):
  

Rendered C:/Ruby/lib/ruby/gems/1.9.1/gems/actionpack-3.0.0.rc2/lib/action_dispatch/middleware/templates/rescues/routing_error.erb within rescues/layout (1.0ms)


Started GET "/home/images/img03.jpg" for 127.0.0.1 at 2010-10-18 11:21:50 -0400

ActionController::RoutingError (No route matches "/home/images/img03.jpg"):
  

Rendered C:/Ruby/lib/ruby/gems/1.9.1/gems/actionpack-3.0.0.rc2/lib/action_dispatch/middleware/templates/rescues/routing_error.erb within rescues/layout (1.0ms)


Started GET "/stylesheets/images/img05.gif" for 127.0.0.1 at 2010-10-18 11:21:50 -0400

ActionController::RoutingError (No route matches "/stylesheets/images/img05.gif"):
  

Rendered C:/Ruby/lib/ruby/gems/1.9.1/gems/actionpack-3.0.0.rc2/lib/action_dispatch/middleware/templates/rescues/routing_error.erb within rescues/layout (1.0ms)


Started GET "/home/index" for 127.0.0.1 at 2010-10-18 11:22:17 -0400
  Processing by HomeController#index as HTML
Rendered home/index.html.erb within layouts/application (3.0ms)
Completed 200 OK in 26ms (Views: 25.0ms | ActiveRecord: 0.0ms)


Started GET "/stylesheets/images/img02.gif" for 127.0.0.1 at 2010-10-18 11:22:17 -0400

ActionController::RoutingError (No route matches "/stylesheets/images/img02.gif"):
  

Rendered C:/Ruby/lib/ruby/gems/1.9.1/gems/actionpack-3.0.0.rc2/lib/action_dispatch/middleware/templates/rescues/routing_error.erb within rescues/layout (1.0ms)


Started GET "/stylesheets/images/img01.gif" for 127.0.0.1 at 2010-10-18 11:22:17 -0400

ActionController::RoutingError (No route matches "/stylesheets/images/img01.gif"):
  

Rendered C:/Ruby/lib/ruby/gems/1.9.1/gems/actionpack-3.0.0.rc2/lib/action_dispatch/middleware/templates/rescues/routing_error.erb within rescues/layout (1.0ms)


Started GET "/stylesheets/images/img05.gif" for 127.0.0.1 at 2010-10-18 11:22:17 -0400

ActionController::RoutingError (No route matches "/stylesheets/images/img05.gif"):
  

Rendered C:/Ruby/lib/ruby/gems/1.9.1/gems/actionpack-3.0.0.rc2/lib/action_dispatch/middleware/templates/rescues/routing_error.erb within rescues/layout (2.0ms)


Started GET "/home/images/img03.jpg" for 127.0.0.1 at 2010-10-18 11:22:17 -0400

ActionController::RoutingError (No route matches "/home/images/img03.jpg"):
  

Rendered C:/Ruby/lib/ruby/gems/1.9.1/gems/actionpack-3.0.0.rc2/lib/action_dispatch/middleware/templates/rescues/routing_error.erb within rescues/layout (1.0ms)


Started GET "/home/index" for 127.0.0.1 at 2010-10-18 11:22:57 -0400
  Processing by HomeController#index as HTML
Rendered home/index.html.erb within layouts/application (3.0ms)
Completed 200 OK in 25ms (Views: 25.0ms | ActiveRecord: 0.0ms)


Started GET "/stylesheets/images/img01.gif" for 127.0.0.1 at 2010-10-18 11:22:57 -0400

ActionController::RoutingError (No route matches "/stylesheets/images/img01.gif"):
  

Rendered C:/Ruby/lib/ruby/gems/1.9.1/gems/actionpack-3.0.0.rc2/lib/action_dispatch/middleware/templates/rescues/routing_error.erb within rescues/layout (1.0ms)


Started GET "/stylesheets/images/img02.gif" for 127.0.0.1 at 2010-10-18 11:22:57 -0400

ActionController::RoutingError (No route matches "/stylesheets/images/img02.gif"):
  

Rendered C:/Ruby/lib/ruby/gems/1.9.1/gems/actionpack-3.0.0.rc2/lib/action_dispatch/middleware/templates/rescues/routing_error.erb within rescues/layout (1.0ms)


Started GET "/stylesheets/images/img05.gif" for 127.0.0.1 at 2010-10-18 11:22:57 -0400

ActionController::RoutingError (No route matches "/stylesheets/images/img05.gif"):
  

Rendered C:/Ruby/lib/ruby/gems/1.9.1/gems/actionpack-3.0.0.rc2/lib/action_dispatch/middleware/templates/rescues/routing_error.erb within rescues/layout (1.0ms)


Started GET "/home/images/img03.jpg" for 127.0.0.1 at 2010-10-18 11:22:57 -0400

ActionController::RoutingError (No route matches "/home/images/img03.jpg"):
  

Rendered C:/Ruby/lib/ruby/gems/1.9.1/gems/actionpack-3.0.0.rc2/lib/action_dispatch/middleware/templates/rescues/routing_error.erb within rescues/layout (1.0ms)


Started GET "/home/index" for 127.0.0.1 at 2010-10-18 11:34:22 -0400
  Processing by HomeController#index as HTML
Rendered home/index.html.erb within layouts/application (4.0ms)
Completed 200 OK in 25ms (Views: 25.0ms | ActiveRecord: 0.0ms)


Started GET "/home/images/img03.jpg" for 127.0.0.1 at 2010-10-18 11:34:22 -0400

ActionController::RoutingError (No route matches "/home/images/img03.jpg"):
  

Rendered C:/Ruby/lib/ruby/gems/1.9.1/gems/actionpack-3.0.0.rc2/lib/action_dispatch/middleware/templates/rescues/routing_error.erb within rescues/layout (1.0ms)


Started GET "/home/index" for 127.0.0.1 at 2010-10-18 11:39:07 -0400
  Processing by HomeController#index as HTML
Rendered home/index.html.erb within layouts/application (3.0ms)
Completed 200 OK in 26ms (Views: 25.0ms | ActiveRecord: 0.0ms)


Started GET "/home/images/img03.jpg" for 127.0.0.1 at 2010-10-18 11:39:07 -0400

ActionController::RoutingError (No route matches "/home/images/img03.jpg"):
  

Rendered C:/Ruby/lib/ruby/gems/1.9.1/gems/actionpack-3.0.0.rc2/lib/action_dispatch/middleware/templates/rescues/routing_error.erb within rescues/layout (1.0ms)


Started GET "/home/index" for 127.0.0.1 at 2010-10-18 11:39:15 -0400
  Processing by HomeController#index as HTML
Rendered home/index.html.erb within layouts/application (3.0ms)
Completed 200 OK in 26ms (Views: 25.0ms | ActiveRecord: 0.0ms)


Started GET "/home/images/img03.jpg" for 127.0.0.1 at 2010-10-18 11:39:15 -0400

ActionController::RoutingError (No route matches "/home/images/img03.jpg"):
  

Rendered C:/Ruby/lib/ruby/gems/1.9.1/gems/actionpack-3.0.0.rc2/lib/action_dispatch/middleware/templates/rescues/routing_error.erb within rescues/layout (1.0ms)


Started GET "/home/index" for 127.0.0.1 at 2010-10-18 11:55:51 -0400
  Processing by HomeController#index as HTML
Rendered home/index.html.erb within layouts/application (3.0ms)
Completed 200 OK in 25ms (Views: 25.0ms | ActiveRecord: 0.0ms)


Started GET "/home/images/img03.jpg" for 127.0.0.1 at 2010-10-18 11:55:51 -0400

ActionController::RoutingError (No route matches "/home/images/img03.jpg"):
  

Rendered C:/Ruby/lib/ruby/gems/1.9.1/gems/actionpack-3.0.0.rc2/lib/action_dispatch/middleware/templates/rescues/routing_error.erb within rescues/layout (1.0ms)


Started GET "/home/index" for 127.0.0.1 at 2010-10-18 12:38:04 -0400
  Processing by HomeController#index as HTML
Rendered home/index.html.erb within layouts/application (4.0ms)
Completed 200 OK in 26ms (Views: 26.0ms | ActiveRecord: 0.0ms)


Started GET "/home/images/img03.jpg" for 127.0.0.1 at 2010-10-18 12:38:04 -0400

ActionController::RoutingError (No route matches "/home/images/img03.jpg"):
  

Rendered C:/Ruby/lib/ruby/gems/1.9.1/gems/actionpack-3.0.0.rc2/lib/action_dispatch/middleware/templates/rescues/routing_error.erb within rescues/layout (1.0ms)


Started GET "/home/images/img03.jpg" for 127.0.0.1 at 2010-10-18 12:38:15 -0400

ActionController::RoutingError (No route matches "/home/images/img03.jpg"):
  

Rendered C:/Ruby/lib/ruby/gems/1.9.1/gems/actionpack-3.0.0.rc2/lib/action_dispatch/middleware/templates/rescues/routing_error.erb within rescues/layout (1.0ms)


Started GET "/home/index" for 127.0.0.1 at 2010-10-18 12:38:36 -0400
  Processing by HomeController#index as HTML
Rendered home/index.html.erb within layouts/application (4.0ms)
Completed 200 OK in 26ms (Views: 25.0ms | ActiveRecord: 0.0ms)


Started GET "/home/index" for 127.0.0.1 at 2010-10-18 12:39:14 -0400
  Processing by HomeController#index as HTML
Rendered home/index.html.erb within layouts/application (4.0ms)
Completed 200 OK in 25ms (Views: 25.0ms | ActiveRecord: 0.0ms)


Started GET "/home/index" for 127.0.0.1 at 2010-10-18 12:39:25 -0400
  Processing by HomeController#index as HTML
Rendered home/index.html.erb within layouts/application (3.0ms)
Completed 200 OK in 26ms (Views: 25.0ms | ActiveRecord: 0.0ms)


Started GET "/home/index" for 127.0.0.1 at 2010-10-18 12:40:10 -0400
  Processing by HomeController#index as HTML
Rendered home/index.html.erb within layouts/application (3.0ms)
Completed 200 OK in 25ms (Views: 25.0ms | ActiveRecord: 0.0ms)


Started GET "/home/index" for 127.0.0.1 at 2010-10-18 12:40:27 -0400
  Processing by HomeController#index as HTML
Rendered home/index.html.erb within layouts/application (3.0ms)
Completed 200 OK in 25ms (Views: 25.0ms | ActiveRecord: 0.0ms)


Started GET "/home/index" for 127.0.0.1 at 2010-10-18 13:08:04 -0400
  Processing by HomeController#index as HTML
Rendered home/index.html.erb within layouts/application (23.0ms)
Completed 200 OK in 44ms (Views: 44.0ms | ActiveRecord: 0.0ms)


Started GET "/home/index" for 127.0.0.1 at 2010-10-18 13:08:25 -0400
  Processing by HomeController#index as HTML
Rendered home/index.html.erb within layouts/application (3.0ms)
Completed 200 OK in 26ms (Views: 26.0ms | ActiveRecord: 0.0ms)


Started GET "/home/index" for 127.0.0.1 at 2010-10-18 13:08:46 -0400
  Processing by HomeController#index as HTML
Rendered home/index.html.erb within layouts/application (4.0ms)
Completed 200 OK in 25ms (Views: 25.0ms | ActiveRecord: 0.0ms)


Started GET "/home/index" for 127.0.0.1 at 2010-10-18 13:08:59 -0400
  Processing by HomeController#index as HTML
Rendered home/index.html.erb within layouts/application (4.0ms)
Completed 200 OK in 26ms (Views: 26.0ms | ActiveRecord: 0.0ms)


Started GET "/home/index" for 127.0.0.1 at 2010-10-18 13:09:10 -0400
  Processing by HomeController#index as HTML
Rendered home/index.html.erb within layouts/application (3.0ms)
Completed 200 OK in 26ms (Views: 26.0ms | ActiveRecord: 0.0ms)


Started GET "/home/index" for 127.0.0.1 at 2010-10-18 13:11:25 -0400
  Processing by HomeController#index as HTML
Rendered home/index.html.erb within layouts/application (4.0ms)
Completed 200 OK in 26ms (Views: 26.0ms | ActiveRecord: 0.0ms)


Started GET "/home/index" for 127.0.0.1 at 2010-10-18 13:11:40 -0400
  Processing by HomeController#index as HTML
Rendered home/index.html.erb within layouts/application (3.0ms)
Completed 200 OK in 26ms (Views: 25.0ms | ActiveRecord: 0.0ms)


Started GET "/home/index" for 127.0.0.1 at 2010-10-18 13:17:50 -0400
  Processing by HomeController#index as HTML
Rendered home/index.html.erb within layouts/application (4.0ms)
Completed 200 OK in 26ms (Views: 26.0ms | ActiveRecord: 0.0ms)


Started GET "/home/index" for 127.0.0.1 at 2010-10-18 13:18:14 -0400
  Processing by HomeController#index as HTML
Rendered home/index.html.erb within layouts/application (4.0ms)
Completed 200 OK in 26ms (Views: 26.0ms | ActiveRecord: 0.0ms)


Started GET "/home/index" for 127.0.0.1 at 2010-10-18 13:42:03 -0400
  Processing by HomeController#index as HTML
Rendered home/index.html.erb within layouts/application (4.0ms)
Completed 200 OK in 26ms (Views: 25.0ms | ActiveRecord: 0.0ms)


Started GET "/home/index" for 127.0.0.1 at 2010-10-18 13:42:19 -0400
  Processing by HomeController#index as HTML
Rendered home/index.html.erb within layouts/application (4.0ms)
Completed 200 OK in 27ms (Views: 27.0ms | ActiveRecord: 0.0ms)


Started GET "/home/index" for 127.0.0.1 at 2010-10-18 13:42:27 -0400
  Processing by HomeController#index as HTML
Rendered home/index.html.erb within layouts/application (3.0ms)
Completed 200 OK in 26ms (Views: 26.0ms | ActiveRecord: 0.0ms)


Started GET "/home/index" for 127.0.0.1 at 2010-10-18 13:42:35 -0400
  Processing by HomeController#index as HTML
Rendered home/index.html.erb within layouts/application (4.0ms)
Completed 200 OK in 26ms (Views: 25.0ms | ActiveRecord: 0.0ms)


Started GET "/home/index" for 127.0.0.1 at 2010-10-18 13:42:41 -0400
  Processing by HomeController#index as HTML
Rendered home/index.html.erb within layouts/application (4.0ms)
Completed 200 OK in 26ms (Views: 25.0ms | ActiveRecord: 0.0ms)


Started GET "/home/index" for 127.0.0.1 at 2010-10-18 13:42:49 -0400
  Processing by HomeController#index as HTML
Rendered home/index.html.erb within layouts/application (3.0ms)
Completed 200 OK in 26ms (Views: 26.0ms | ActiveRecord: 0.0ms)


Started GET "/home/index" for 127.0.0.1 at 2010-10-18 13:42:56 -0400
  Processing by HomeController#index as HTML
Rendered home/index.html.erb within layouts/application (4.0ms)
Completed 200 OK in 26ms (Views: 25.0ms | ActiveRecord: 0.0ms)


Started GET "/home/index" for 127.0.0.1 at 2010-10-18 13:43:02 -0400
  Processing by HomeController#index as HTML
Rendered home/index.html.erb within layouts/application (4.0ms)
Completed 200 OK in 26ms (Views: 26.0ms | ActiveRecord: 0.0ms)


Started GET "/home/index" for 127.0.0.1 at 2010-10-18 13:43:17 -0400
  Processing by HomeController#index as HTML
Rendered home/index.html.erb within layouts/application (3.0ms)
Completed 200 OK in 26ms (Views: 26.0ms | ActiveRecord: 0.0ms)


Started GET "/home/index" for 127.0.0.1 at 2010-10-18 13:43:34 -0400
  Processing by HomeController#index as HTML
Rendered home/index.html.erb within layouts/application (3.0ms)
Completed 200 OK in 26ms (Views: 26.0ms | ActiveRecord: 0.0ms)


Started GET "/home/index" for 127.0.0.1 at 2010-10-18 13:43:39 -0400
  Processing by HomeController#index as HTML
Rendered home/index.html.erb within layouts/application (4.0ms)
Completed 200 OK in 25ms (Views: 25.0ms | ActiveRecord: 0.0ms)


Started GET "/home/index" for 127.0.0.1 at 2010-10-18 13:44:34 -0400
  Processing by HomeController#index as HTML
Rendered home/index.html.erb within layouts/application (4.0ms)
Completed 200 OK in 26ms (Views: 25.0ms | ActiveRecord: 0.0ms)


Started GET "/home/index" for 127.0.0.1 at 2010-10-18 13:44:47 -0400
  Processing by HomeController#index as HTML
Rendered home/index.html.erb within layouts/application (3.0ms)
Completed 200 OK in 26ms (Views: 26.0ms | ActiveRecord: 0.0ms)


Started GET "/home/index" for 127.0.0.1 at 2010-10-18 13:44:55 -0400
  Processing by HomeController#index as HTML
Rendered home/index.html.erb within layouts/application (4.0ms)
Completed 200 OK in 26ms (Views: 25.0ms | ActiveRecord: 0.0ms)


Started GET "/home/index" for 127.0.0.1 at 2010-10-18 13:45:06 -0400
  Processing by HomeController#index as HTML
Rendered home/index.html.erb within layouts/application (3.0ms)
Completed 200 OK in 27ms (Views: 26.0ms | ActiveRecord: 0.0ms)


Started GET "/home/index" for 127.0.0.1 at 2010-10-18 13:45:12 -0400
  Processing by HomeController#index as HTML
Rendered home/index.html.erb within layouts/application (4.0ms)
Completed 200 OK in 26ms (Views: 26.0ms | ActiveRecord: 0.0ms)


Started GET "/home/index" for 127.0.0.1 at 2010-10-18 13:48:11 -0400
  Processing by HomeController#index as HTML
Rendered home/index.html.erb within layouts/application (4.0ms)
Completed 200 OK in 27ms (Views: 26.0ms | ActiveRecord: 0.0ms)


Started GET "/home/index" for 127.0.0.1 at 2010-10-18 13:48:59 -0400
  Processing by HomeController#index as HTML
Rendered home/index.html.erb within layouts/application (4.0ms)
Completed 200 OK in 25ms (Views: 25.0ms | ActiveRecord: 0.0ms)


Started GET "/home/index" for 127.0.0.1 at 2010-10-18 13:49:24 -0400
  Processing by HomeController#index as HTML
Rendered home/index.html.erb within layouts/application (8.0ms)
Completed 200 OK in 62ms (Views: 61.0ms | ActiveRecord: 0.0ms)


Started GET "/home/index" for 127.0.0.1 at 2010-10-18 13:50:39 -0400
  Processing by HomeController#index as HTML
Rendered home/index.html.erb within layouts/application (3.0ms)
Completed 200 OK in 26ms (Views: 26.0ms | ActiveRecord: 0.0ms)


Started GET "/home/index" for 127.0.0.1 at 2010-10-18 13:51:07 -0400
  Processing by HomeController#index as HTML
Rendered home/index.html.erb within layouts/application (4.0ms)
Completed 200 OK in 26ms (Views: 25.0ms | ActiveRecord: 0.0ms)


Started GET "/home/index" for 127.0.0.1 at 2010-10-18 13:51:53 -0400
  Processing by HomeController#index as HTML
Rendered home/index.html.erb within layouts/application (3.0ms)
Completed 200 OK in 28ms (Views: 27.0ms | ActiveRecord: 0.0ms)


Started GET "/home/index" for 127.0.0.1 at 2010-10-18 13:51:58 -0400
  Processing by HomeController#index as HTML
Rendered home/index.html.erb within layouts/application (4.0ms)
Completed 200 OK in 26ms (Views: 25.0ms | ActiveRecord: 0.0ms)


Started GET "/home/index" for 127.0.0.1 at 2010-10-18 13:52:28 -0400
  Processing by HomeController#index as HTML
Rendered home/index.html.erb within layouts/application (4.0ms)
Completed 200 OK in 26ms (Views: 25.0ms | ActiveRecord: 0.0ms)


Started GET "/home/index" for 127.0.0.1 at 2010-10-18 13:52:33 -0400
  Processing by HomeController#index as HTML
Rendered home/index.html.erb within layouts/application (4.0ms)
Completed 200 OK in 26ms (Views: 26.0ms | ActiveRecord: 0.0ms)


Started GET "/home/index" for 127.0.0.1 at 2010-10-18 13:52:54 -0400
  Processing by HomeController#index as HTML
Rendered home/index.html.erb within layouts/application (3.0ms)
Completed 200 OK in 25ms (Views: 25.0ms | ActiveRecord: 0.0ms)


Started GET "/home/index" for 127.0.0.1 at 2010-10-18 13:53:10 -0400
  Processing by HomeController#index as HTML
Rendered home/index.html.erb within layouts/application (3.0ms)
Completed 200 OK in 26ms (Views: 26.0ms | ActiveRecord: 0.0ms)


Started GET "/home/index" for 127.0.0.1 at 2010-10-18 13:53:37 -0400
  Processing by HomeController#index as HTML
Rendered home/index.html.erb within layouts/application (3.0ms)
Completed 200 OK in 27ms (Views: 27.0ms | ActiveRecord: 0.0ms)


Started GET "/home/index" for 127.0.0.1 at 2010-10-18 13:54:08 -0400
  Processing by HomeController#index as HTML
Rendered home/index.html.erb within layouts/application (4.0ms)
Completed 200 OK in 25ms (Views: 25.0ms | ActiveRecord: 0.0ms)


Started GET "/home/index" for 127.0.0.1 at 2010-10-18 13:54:19 -0400
  Processing by HomeController#index as HTML
Rendered home/index.html.erb within layouts/application (3.0ms)
Completed 200 OK in 27ms (Views: 26.0ms | ActiveRecord: 0.0ms)


Started GET "/home/index" for 127.0.0.1 at 2010-10-18 13:54:25 -0400
  Processing by HomeController#index as HTML
Rendered home/index.html.erb within layouts/application (4.0ms)
Completed 200 OK in 27ms (Views: 26.0ms | ActiveRecord: 0.0ms)


Started GET "/home/index" for 127.0.0.1 at 2010-10-18 13:54:34 -0400
  Processing by HomeController#index as HTML
Rendered home/index.html.erb within layouts/application (4.0ms)
Completed 200 OK in 26ms (Views: 25.0ms | ActiveRecord: 0.0ms)


Started GET "/home/index" for 127.0.0.1 at 2010-10-18 13:54:39 -0400
  Processing by HomeController#index as HTML
Rendered home/index.html.erb within layouts/application (3.0ms)
Completed 200 OK in 27ms (Views: 26.0ms | ActiveRecord: 0.0ms)


Started GET "/home/index" for 127.0.0.1 at 2010-10-18 13:55:09 -0400
  Processing by HomeController#index as HTML
Rendered home/index.html.erb within layouts/application (4.0ms)
Completed 200 OK in 26ms (Views: 25.0ms | ActiveRecord: 0.0ms)


Started GET "/home/index" for 127.0.0.1 at 2010-10-18 13:56:57 -0400
  Processing by HomeController#index as HTML
Rendered home/index.html.erb within layouts/application (3.0ms)
Completed 200 OK in 27ms (Views: 25.0ms | ActiveRecord: 0.0ms)


Started GET "/home/index" for 127.0.0.1 at 2010-10-18 13:58:00 -0400
  Processing by HomeController#index as HTML
Rendered home/index.html.erb within layouts/application (3.0ms)
Completed 200 OK in 27ms (Views: 26.0ms | ActiveRecord: 0.0ms)


Started POST "/home/index" for 127.0.0.1 at 2010-10-18 13:58:14 -0400

ActionController::RoutingError (No route matches "/home/index"):
  

Rendered C:/Ruby/lib/ruby/gems/1.9.1/gems/actionpack-3.0.0.rc2/lib/action_dispatch/middleware/templates/rescues/routing_error.erb within rescues/layout (1.0ms)


Started GET "/home/index" for 127.0.0.1 at 2010-10-18 13:59:48 -0400
  Processing by HomeController#index as HTML
Rendered home/index.html.erb within layouts/application (3.0ms)
Completed 200 OK in 27ms (Views: 26.0ms | ActiveRecord: 0.0ms)


Started GET "/home/index" for 127.0.0.1 at 2010-10-18 14:00:05 -0400
  Processing by HomeController#index as HTML
Rendered home/index.html.erb within layouts/application (4.0ms)
Completed 200 OK in 27ms (Views: 27.0ms | ActiveRecord: 0.0ms)


Started GET "/home/index" for 127.0.0.1 at 2010-10-18 14:00:54 -0400
  Processing by HomeController#index as HTML
Rendered home/index.html.erb within layouts/application (4.0ms)
Completed 200 OK in 26ms (Views: 26.0ms | ActiveRecord: 0.0ms)


Started GET "/home/index" for 127.0.0.1 at 2010-10-18 14:01:51 -0400
  Processing by HomeController#index as HTML
Rendered home/index.html.erb within layouts/application (4.0ms)
Completed 200 OK in 25ms (Views: 25.0ms | ActiveRecord: 0.0ms)


Started GET "/home/index" for 127.0.0.1 at 2010-10-18 14:01:59 -0400
  Processing by HomeController#index as HTML
Rendered home/index.html.erb within layouts/application (5.0ms)
Completed 200 OK in 26ms (Views: 26.0ms | ActiveRecord: 0.0ms)


Started GET "/home/index" for 127.0.0.1 at 2010-10-18 14:03:05 -0400
  Processing by HomeController#index as HTML
Rendered home/index.html.erb within layouts/application (4.0ms)
Completed 200 OK in 26ms (Views: 25.0ms | ActiveRecord: 0.0ms)


Started GET "/home/index" for 127.0.0.1 at 2010-10-18 14:04:01 -0400
  Processing by HomeController#index as HTML
Rendered home/index.html.erb within layouts/application (4.0ms)
Completed 200 OK in 26ms (Views: 26.0ms | ActiveRecord: 0.0ms)


Started GET "/home/index" for 127.0.0.1 at 2010-10-18 14:04:18 -0400
  Processing by HomeController#index as HTML
Rendered home/index.html.erb within layouts/application (4.0ms)
Completed 200 OK in 26ms (Views: 25.0ms | ActiveRecord: 0.0ms)


Started GET "/home/index" for 127.0.0.1 at 2010-10-18 14:04:24 -0400
  Processing by HomeController#index as HTML
Rendered home/index.html.erb within layouts/application (4.0ms)
Completed 200 OK in 27ms (Views: 26.0ms | ActiveRecord: 0.0ms)


Started GET "/home/index" for 127.0.0.1 at 2010-10-18 14:05:12 -0400
  Processing by HomeController#index as HTML
Rendered home/index.html.erb within layouts/application (3.0ms)
Completed 200 OK in 26ms (Views: 26.0ms | ActiveRecord: 0.0ms)


Started GET "/home/index" for 127.0.0.1 at 2010-10-18 14:05:22 -0400
  Processing by HomeController#index as HTML
Rendered home/index.html.erb within layouts/application (4.0ms)
Completed 200 OK in 25ms (Views: 25.0ms | ActiveRecord: 0.0ms)


Started GET "/home/index" for 127.0.0.1 at 2010-10-18 14:09:36 -0400
  Processing by HomeController#index as HTML
Rendered home/index.html.erb within layouts/application (4.0ms)
Completed 200 OK in 26ms (Views: 25.0ms | ActiveRecord: 0.0ms)


Started GET "/home/index" for 127.0.0.1 at 2010-10-18 14:10:53 -0400
  Processing by HomeController#index as HTML
Rendered home/index.html.erb within layouts/application (4.0ms)
Completed 200 OK in 25ms (Views: 25.0ms | ActiveRecord: 0.0ms)


Started GET "/home/index" for 127.0.0.1 at 2010-10-18 14:10:59 -0400
  Processing by HomeController#index as HTML
Rendered home/index.html.erb within layouts/application (4.0ms)
Completed 200 OK in 26ms (Views: 26.0ms | ActiveRecord: 0.0ms)


Started GET "/home/index" for 127.0.0.1 at 2010-10-18 15:00:39 -0400
  Processing by HomeController#index as HTML
Rendered home/index.html.erb within layouts/application (4.0ms)
Completed 200 OK in 27ms (Views: 27.0ms | ActiveRecord: 0.0ms)


Started GET "/home/index" for 127.0.0.1 at 2010-10-18 15:01:25 -0400
  Processing by HomeController#index as HTML
Rendered home/index.html.erb within layouts/application (26.0ms)
Completed 200 OK in 49ms (Views: 48.0ms | ActiveRecord: 0.0ms)


Started GET "/home/index" for 127.0.0.1 at 2010-10-18 15:01:37 -0400
  Processing by HomeController#index as HTML
Rendered home/index.html.erb within layouts/application (3.0ms)
Completed 200 OK in 26ms (Views: 26.0ms | ActiveRecord: 0.0ms)


Started GET "/home/index" for 127.0.0.1 at 2010-10-18 15:02:51 -0400
  Processing by HomeController#index as HTML
Rendered home/index.html.erb within layouts/application (3.0ms)
Completed 200 OK in 26ms (Views: 26.0ms | ActiveRecord: 0.0ms)


Started GET "/home/index" for 127.0.0.1 at 2010-10-18 15:03:52 -0400
  Processing by HomeController#index as HTML
Rendered home/index.html.erb within layouts/application (4.0ms)
Completed 200 OK in 25ms (Views: 25.0ms | ActiveRecord: 0.0ms)


Started GET "/home/index" for 127.0.0.1 at 2010-10-18 15:05:52 -0400
  Processing by HomeController#index as HTML
Rendered home/index.html.erb within layouts/application (3.0ms)
Completed 200 OK in 26ms (Views: 25.0ms | ActiveRecord: 0.0ms)


Started GET "/home/index" for 127.0.0.1 at 2010-10-18 15:06:19 -0400
  Processing by HomeController#index as HTML
Rendered home/index.html.erb within layouts/application (5.0ms)
Completed 200 OK in 27ms (Views: 26.0ms | ActiveRecord: 0.0ms)


Started GET "/home/index" for 127.0.0.1 at 2010-10-18 15:06:24 -0400
  Processing by HomeController#index as HTML
Rendered home/index.html.erb within layouts/application (3.0ms)
Completed 200 OK in 27ms (Views: 26.0ms | ActiveRecord: 0.0ms)


Started GET "/home/index" for 127.0.0.1 at 2010-10-18 15:06:29 -0400
  Processing by HomeController#index as HTML
Rendered home/index.html.erb within layouts/application (3.0ms)
Completed 200 OK in 28ms (Views: 27.0ms | ActiveRecord: 0.0ms)


Started GET "/home/index" for 127.0.0.1 at 2010-10-18 15:06:47 -0400
  Processing by HomeController#index as HTML
Rendered home/index.html.erb within layouts/application (47.0ms)
Completed 200 OK in 69ms (Views: 68.0ms | ActiveRecord: 0.0ms)


Started GET "/home/index" for 127.0.0.1 at 2010-10-18 15:06:57 -0400
  Processing by HomeController#index as HTML
Rendered home/index.html.erb within layouts/application (5.0ms)
Completed 200 OK in 28ms (Views: 27.0ms | ActiveRecord: 0.0ms)


Started GET "/home/index" for 127.0.0.1 at 2010-10-18 15:07:09 -0400
  Processing by HomeController#index as HTML
Rendered home/index.html.erb within layouts/application (4.0ms)
Completed 200 OK in 26ms (Views: 26.0ms | ActiveRecord: 0.0ms)


Started GET "/home/index" for 127.0.0.1 at 2010-10-18 15:07:16 -0400
  Processing by HomeController#index as HTML
Rendered home/index.html.erb within layouts/application (4.0ms)
Completed 200 OK in 26ms (Views: 25.0ms | ActiveRecord: 0.0ms)


Started GET "/home/index" for 127.0.0.1 at 2010-10-18 15:07:29 -0400
  Processing by HomeController#index as HTML
Rendered home/index.html.erb within layouts/application (3.0ms)
Completed 200 OK in 28ms (Views: 28.0ms | ActiveRecord: 0.0ms)


Started GET "/home/index" for 127.0.0.1 at 2010-10-18 15:08:49 -0400
  Processing by HomeController#index as HTML
Rendered home/index.html.erb within layouts/application (4.0ms)
Completed 200 OK in 26ms (Views: 26.0ms | ActiveRecord: 0.0ms)


Started GET "/home/index" for 127.0.0.1 at 2010-10-18 21:30:46 -0400
  Processing by HomeController#index as HTML
Rendered home/index.html.erb within layouts/application (4.0ms)
Completed 200 OK in 63ms (Views: 63.0ms | ActiveRecord: 0.0ms)


Started GET "/home/index" for 127.0.0.1 at 2010-10-18 21:37:54 -0400
  Processing by HomeController#index as HTML
Rendered home/index.html.erb within layouts/application (4.0ms)
Completed 200 OK in 27ms (Views: 26.0ms | ActiveRecord: 0.0ms)


Started GET "/home/downloads.html.erb" for 127.0.0.1 at 2010-10-18 21:37:57 -0400

ActionController::RoutingError (No route matches "/home/downloads.html.erb"):
  

Rendered C:/Ruby/lib/ruby/gems/1.9.1/gems/actionpack-3.0.0.rc2/lib/action_dispatch/middleware/templates/rescues/routing_error.erb within rescues/layout (20.0ms)


Started GET "/home/downloads.html.erb" for 127.0.0.1 at 2010-10-18 21:38:17 -0400

ActionController::RoutingError (No route matches "/home/downloads.html.erb"):
  

Rendered C:/Ruby/lib/ruby/gems/1.9.1/gems/actionpack-3.0.0.rc2/lib/action_dispatch/middleware/templates/rescues/routing_error.erb within rescues/layout (1.0ms)


Started GET "/home/downloads.html.erb" for 127.0.0.1 at 2010-10-18 21:38:29 -0400

ActionController::RoutingError (No route matches "/home/downloads.html.erb"):
  

Rendered C:/Ruby/lib/ruby/gems/1.9.1/gems/actionpack-3.0.0.rc2/lib/action_dispatch/middleware/templates/rescues/routing_error.erb within rescues/layout (1.0ms)


Started GET "/home/downloads.html" for 127.0.0.1 at 2010-10-18 21:39:29 -0400

ActionController::RoutingError (No route matches "/home/downloads.html"):
  

Rendered C:/Ruby/lib/ruby/gems/1.9.1/gems/actionpack-3.0.0.rc2/lib/action_dispatch/middleware/templates/rescues/routing_error.erb within rescues/layout (1.0ms)


Started GET "/home/downloads" for 127.0.0.1 at 2010-10-18 21:39:33 -0400

ActionController::RoutingError (No route matches "/home/downloads"):
  

Rendered C:/Ruby/lib/ruby/gems/1.9.1/gems/actionpack-3.0.0.rc2/lib/action_dispatch/middleware/templates/rescues/routing_error.erb within rescues/layout (1.0ms)


Started GET "/home/downloads" for 127.0.0.1 at 2010-10-18 21:39:35 -0400

ActionController::RoutingError (No route matches "/home/downloads"):
  

Rendered C:/Ruby/lib/ruby/gems/1.9.1/gems/actionpack-3.0.0.rc2/lib/action_dispatch/middleware/templates/rescues/routing_error.erb within rescues/layout (1.0ms)


Started GET "/home/index" for 127.0.0.1 at 2010-10-18 21:39:42 -0400
  Processing by HomeController#index as HTML
Rendered home/index.html.erb within layouts/application (3.0ms)
Completed 200 OK in 25ms (Views: 25.0ms | ActiveRecord: 0.0ms)


Started GET "/home/index" for 127.0.0.1 at 2010-10-18 22:56:10 -0400
  Processing by HomeController#index as HTML
Rendered home/index.html.erb within layouts/application (4.0ms)
Completed 200 OK in 26ms (Views: 26.0ms | ActiveRecord: 0.0ms)


Started GET "/home/index" for 127.0.0.1 at 2010-10-19 09:59:08 -0400
  Processing by HomeController#index as HTML
Rendered home/index.html.erb within layouts/application (4.0ms)
Completed 200 OK in 70ms (Views: 70.0ms | ActiveRecord: 0.0ms)


Started GET "/home/downloads" for 127.0.0.1 at 2010-10-19 09:59:31 -0400

ActionController::RoutingError (No route matches "/home/downloads"):
  

Rendered C:/Ruby/lib/ruby/gems/1.9.1/gems/actionpack-3.0.0.rc2/lib/action_dispatch/middleware/templates/rescues/routing_error.erb within rescues/layout (2.0ms)


Started GET "/home/index" for 127.0.0.1 at 2010-10-19 10:09:59 -0400
  Processing by HomeController#index as HTML
Rendered home/index.html.erb within layouts/application (105.0ms)
Completed   in 127ms

ActionView::Template::Error (undefined method `nav_link' for #<#<Class:0x379a7a8>:0x3799350>):
    13: 	<div id="sidebar">
    14: 		<div id="menu">
    15: 			<ul>
    16: 				<li><%= nav_link "Home", "home", "index" %> </li>
    17: 				
    18: 				<!--<li class="active"><a href="#" title="">Home</a></li>-->
    19: 				<li><a href="#" title="">First Look</a></li>
  app/views/home/index.html.erb:16:in `_app_views_home_index_html_erb__435767651_29147772__772227066'

Rendered C:/Ruby/lib/ruby/gems/1.9.1/gems/actionpack-3.0.0.rc2/lib/action_dispatch/middleware/templates/rescues/_trace.erb (2.0ms)
Rendered C:/Ruby/lib/ruby/gems/1.9.1/gems/actionpack-3.0.0.rc2/lib/action_dispatch/middleware/templates/rescues/_request_and_response.erb (6.0ms)
Rendered C:/Ruby/lib/ruby/gems/1.9.1/gems/actionpack-3.0.0.rc2/lib/action_dispatch/middleware/templates/rescues/template_error.erb within rescues/layout (46.0ms)


Started GET "/home/index" for 127.0.0.1 at 2010-10-19 10:10:53 -0400
  Processing by HomeController#index as HTML
Rendered home/index.html.erb within layouts/application (4.0ms)
Completed 200 OK in 26ms (Views: 26.0ms | ActiveRecord: 0.0ms)


Started GET "/home/index" for 127.0.0.1 at 2010-10-19 10:12:12 -0400
  Processing by HomeController#index as HTML
Rendered home/index.html.erb within layouts/application (2.0ms)
Completed   in 24ms

ActionView::Template::Error (No route matches {:controller=>"home", :action=>"downloads"}):
    14: 		<div id="menu">
    15: 			<ul>
    16: 				<li><%= nav_link "Home", "home", "index" %> </li>
    17: 				<li><%= nav_link "test", "home", "downloads" %> </li>
    18: 				<!--<li class="active"><a href="#" title="">Home</a></li>-->
    19: 				<li><a href="#" title="">First Look</a></li>
    20: 				<li><a href="/home/downloads.html.erb" title="">Downloads</a></li>
  app/helpers/home_helper.rb:4:in `nav_link'
  app/views/home/index.html.erb:17:in `_app_views_home_index_html_erb__435767651_29444076__772227066'

Rendered C:/Ruby/lib/ruby/gems/1.9.1/gems/actionpack-3.0.0.rc2/lib/action_dispatch/middleware/templates/rescues/_trace.erb (1.0ms)
Rendered C:/Ruby/lib/ruby/gems/1.9.1/gems/actionpack-3.0.0.rc2/lib/action_dispatch/middleware/templates/rescues/_request_and_response.erb (4.0ms)
Rendered C:/Ruby/lib/ruby/gems/1.9.1/gems/actionpack-3.0.0.rc2/lib/action_dispatch/middleware/templates/rescues/template_error.erb within rescues/layout (20.0ms)


Started GET "/home/index" for 127.0.0.1 at 2010-10-19 10:14:39 -0400
  Processing by HomeController#index as HTML
Rendered home/index.html.erb within layouts/application (4.0ms)
Completed 200 OK in 25ms (Views: 25.0ms | ActiveRecord: 0.0ms)


Started GET "/home/index" for 127.0.0.1 at 2010-10-19 10:16:09 -0400
  Processing by HomeController#index as HTML
Rendered home/index.html.erb within layouts/application (3.0ms)
Completed 200 OK in 26ms (Views: 25.0ms | ActiveRecord: 0.0ms)


Started GET "/home/index" for 127.0.0.1 at 2010-10-19 10:17:34 -0400
  Processing by HomeController#index as HTML
Rendered home/index.html.erb within layouts/application (4.0ms)
Completed 200 OK in 26ms (Views: 25.0ms | ActiveRecord: 0.0ms)


Started GET "/home/index" for 127.0.0.1 at 2010-10-19 10:18:46 -0400
  Processing by HomeController#index as HTML
Rendered home/index.html.erb within layouts/application (4.0ms)
Completed 200 OK in 26ms (Views: 25.0ms | ActiveRecord: 0.0ms)


Started GET "/home/index" for 127.0.0.1 at 2010-10-19 10:20:06 -0400
  Processing by HomeController#index as HTML
Rendered home/index.html.erb within layouts/application (5.0ms)
Completed 200 OK in 27ms (Views: 26.0ms | ActiveRecord: 0.0ms)


Started GET "/home/index" for 127.0.0.1 at 2010-10-19 10:20:50 -0400
  Processing by HomeController#index as HTML
Rendered home/index.html.erb within layouts/application (3.0ms)
Completed 200 OK in 25ms (Views: 25.0ms | ActiveRecord: 0.0ms)


Started GET "/home/index" for 127.0.0.1 at 2010-10-19 10:27:51 -0400
  Processing by HomeController#index as HTML
Rendered home/index.html.erb within layouts/application (4.0ms)
Completed 200 OK in 61ms (Views: 61.0ms | ActiveRecord: 0.0ms)


Started GET "/home/index" for 127.0.0.1 at 2010-10-19 10:28:34 -0400
  Processing by HomeController#index as HTML
Rendered home/index.html.erb within layouts/application (4.0ms)
Completed   in 26ms

ActionView::Template::Error (No route matches {:controller=>"home", :action=>"downloads"}):
    16:   <div id="sidebar">
    17:     <div id="menu">
    18:       <ul>
    19:         <li><%= nav_link "home", "home", "downloads" %> </li>
    20:         <!--<li class="active"><a href="#" title="">Home</a></li>-->
    21:         <li><a href="#" title="">First Look</a></li>
    22:         <li><a href="/home/downloads.html.erb" title="">Downloads</a></li>
  app/helpers/home_helper.rb:4:in `nav_link'
  app/views/layouts/application.html.erb:19:in `_app_views_layouts_application_html_erb___484661662_29472960__772227066'

Rendered C:/Ruby/lib/ruby/gems/1.9.1/gems/actionpack-3.0.0.rc2/lib/action_dispatch/middleware/templates/rescues/_trace.erb (1.0ms)
Rendered C:/Ruby/lib/ruby/gems/1.9.1/gems/actionpack-3.0.0.rc2/lib/action_dispatch/middleware/templates/rescues/_request_and_response.erb (3.0ms)
Rendered C:/Ruby/lib/ruby/gems/1.9.1/gems/actionpack-3.0.0.rc2/lib/action_dispatch/middleware/templates/rescues/template_error.erb within rescues/layout (20.0ms)


Started GET "/home/index" for 127.0.0.1 at 2010-10-19 10:35:51 -0400
  Processing by HomeController#index as HTML
Rendered home/index.html.erb within layouts/application (4.0ms)
Completed 200 OK in 27ms (Views: 26.0ms | ActiveRecord: 0.0ms)


Started GET "/chirper/index" for 127.0.0.1 at 2010-10-19 10:36:05 -0400
  Processing by ChirperController#index as HTML
Rendered chirper/index.html.erb within layouts/application (4.0ms)
Completed 200 OK in 25ms (Views: 25.0ms | ActiveRecord: 0.0ms)


Started GET "/home/index" for 127.0.0.1 at 2010-10-19 10:36:41 -0400
  Processing by HomeController#index as HTML
Rendered home/index.html.erb within layouts/application (8.0ms)
Completed 200 OK in 44ms (Views: 44.0ms | ActiveRecord: 0.0ms)


Started GET "/chirper/index" for 127.0.0.1 at 2010-10-19 10:36:42 -0400
  Processing by ChirperController#index as HTML
Rendered chirper/index.html.erb within layouts/application (4.0ms)
Completed 200 OK in 27ms (Views: 26.0ms | ActiveRecord: 0.0ms)


Started GET "/chirper/index" for 127.0.0.1 at 2010-10-19 10:40:54 -0400
  Processing by ChirperController#index as HTML
Rendered chirper/index.html.erb within layouts/application (12.0ms)
Completed 200 OK in 49ms (Views: 48.0ms | ActiveRecord: 0.0ms)


Started GET "/chirper/index" for 127.0.0.1 at 2010-10-19 10:41:06 -0400
  Processing by ChirperController#index as HTML
Rendered chirper/index.html.erb within layouts/application (12.0ms)
Completed 200 OK in 50ms (Views: 49.0ms | ActiveRecord: 0.0ms)


Started GET "/chirper/index" for 127.0.0.1 at 2010-10-19 10:41:27 -0400
  Processing by ChirperController#index as HTML
Rendered chirper/index.html.erb within layouts/application (12.0ms)
Completed 200 OK in 49ms (Views: 49.0ms | ActiveRecord: 0.0ms)


Started GET "/chirper/demo" for 127.0.0.1 at 2010-10-19 10:41:30 -0400
  Processing by ChirperController#demo as HTML
Rendered chirper/demo.html.erb within layouts/application (10.0ms)
Completed 200 OK in 46ms (Views: 45.0ms | ActiveRecord: 0.0ms)


Started GET "/chirper/demo" for 127.0.0.1 at 2010-10-19 10:41:38 -0400
  Processing by ChirperController#demo as HTML
Rendered chirper/demo.html.erb within layouts/application (8.0ms)
Completed 200 OK in 46ms (Views: 45.0ms | ActiveRecord: 0.0ms)


Started GET "/chirper/" for 127.0.0.1 at 2010-10-19 10:41:41 -0400

ActionController::RoutingError (No route matches "/chirper"):
  

Rendered C:/Ruby/lib/ruby/gems/1.9.1/gems/actionpack-3.0.0.rc2/lib/action_dispatch/middleware/templates/rescues/routing_error.erb within rescues/layout (2.0ms)


Started GET "/chirper/index" for 127.0.0.1 at 2010-10-19 10:41:45 -0400
  Processing by ChirperController#index as HTML
Rendered chirper/index.html.erb within layouts/application (13.0ms)
Completed 200 OK in 49ms (Views: 48.0ms | ActiveRecord: 0.0ms)


Started GET "/chirper/index" for 127.0.0.1 at 2010-10-19 10:42:25 -0400
  Processing by ChirperController#index as HTML
Rendered chirper/index.html.erb within layouts/application (7.0ms)
Completed 200 OK in 36ms (Views: 36.0ms | ActiveRecord: 0.0ms)


Started GET "/chirper/index" for 127.0.0.1 at 2010-10-19 10:42:38 -0400
  Processing by ChirperController#index as HTML
Rendered chirper/index.html.erb within layouts/application (8.0ms)
Completed 200 OK in 42ms (Views: 41.0ms | ActiveRecord: 0.0ms)


Started GET "/chirper/support" for 127.0.0.1 at 2010-10-19 10:43:28 -0400
  Processing by ChirperController#support as HTML
Rendered chirper/support.html.erb within layouts/application (8.0ms)
Completed 200 OK in 47ms (Views: 46.0ms | ActiveRecord: 0.0ms)


Started GET "/chirper/index" for 127.0.0.1 at 2010-10-19 10:43:31 -0400
  Processing by ChirperController#index as HTML
Rendered chirper/index.html.erb within layouts/application (12.0ms)
Completed 200 OK in 48ms (Views: 47.0ms | ActiveRecord: 0.0ms)


Started GET "/chirper/demo" for 127.0.0.1 at 2010-10-19 10:43:33 -0400
  Processing by ChirperController#demo as HTML
Rendered chirper/demo.html.erb within layouts/application (7.0ms)
Completed 200 OK in 44ms (Views: 44.0ms | ActiveRecord: 0.0ms)


Started GET "/chirper/index" for 127.0.0.1 at 2010-10-19 10:43:35 -0400
  Processing by ChirperController#index as HTML
Rendered chirper/index.html.erb within layouts/application (13.0ms)
Completed 200 OK in 49ms (Views: 48.0ms | ActiveRecord: 0.0ms)


Started GET "/chirper/index" for 127.0.0.1 at 2010-10-19 13:19:39 -0400
  Processing by ChirperController#index as HTML
Rendered chirper/index.html.erb within layouts/application (8.0ms)
Completed 200 OK in 31ms (Views: 31.0ms | ActiveRecord: 0.0ms)


Started GET "/chirper/index" for 127.0.0.1 at 2010-10-19 13:20:37 -0400
  Processing by ChirperController#index as HTML
Rendered chirper/index.html.erb within layouts/application (5.0ms)
Completed 200 OK in 27ms (Views: 26.0ms | ActiveRecord: 0.0ms)


Started GET "/chirper/index" for 127.0.0.1 at 2010-10-19 13:22:15 -0400
  Processing by ChirperController#index as HTML
Rendered chirper/index.html.erb within layouts/application (8.0ms)
Completed 200 OK in 30ms (Views: 30.0ms | ActiveRecord: 0.0ms)


Started GET "/chirper/demo" for 127.0.0.1 at 2010-10-19 13:22:50 -0400
  Processing by ChirperController#demo as HTML
Rendered chirper/demo.html.erb within layouts/application (6.0ms)
Completed 200 OK in 27ms (Views: 27.0ms | ActiveRecord: 0.0ms)


Started GET "/chirper/support" for 127.0.0.1 at 2010-10-19 13:22:52 -0400
  Processing by ChirperController#support as HTML
Rendered chirper/support.html.erb within layouts/application (5.0ms)
Completed 200 OK in 28ms (Views: 28.0ms | ActiveRecord: 0.0ms)


Started GET "/chirper/downloads" for 127.0.0.1 at 2010-10-19 13:22:54 -0400
  Processing by ChirperController#downloads as HTML
Rendered chirper/downloads.html.erb within layouts/application (5.0ms)
Completed 200 OK in 27ms (Views: 27.0ms | ActiveRecord: 0.0ms)


Started GET "/chirper/resources" for 127.0.0.1 at 2010-10-19 13:22:55 -0400
  Processing by ChirperController#resources as HTML
Rendered chirper/resources.html.erb within layouts/application (5.0ms)
Completed 200 OK in 27ms (Views: 26.0ms | ActiveRecord: 0.0ms)


Started GET "/chirper/index" for 127.0.0.1 at 2010-10-19 13:22:58 -0400
  Processing by ChirperController#index as HTML
Rendered chirper/index.html.erb within layouts/application (8.0ms)
Completed 200 OK in 29ms (Views: 29.0ms | ActiveRecord: 0.0ms)


Started GET "/chirper/index" for 127.0.0.1 at 2010-10-19 13:24:48 -0400
  Processing by ChirperController#index as HTML
Rendered chirper/index.html.erb within layouts/application (8.0ms)
Completed 200 OK in 39ms (Views: 39.0ms | ActiveRecord: 0.0ms)


Started GET "/chirper/index" for 127.0.0.1 at 2010-10-19 13:26:09 -0400
  Processing by ChirperController#index as HTML
Rendered chirper/index.html.erb within layouts/application (8.0ms)
Completed 200 OK in 29ms (Views: 29.0ms | ActiveRecord: 0.0ms)


Started GET "/chirper/index" for 127.0.0.1 at 2010-10-19 13:26:30 -0400
  Processing by ChirperController#index as HTML
Rendered chirper/index.html.erb within layouts/application (8.0ms)
Completed 200 OK in 31ms (Views: 30.0ms | ActiveRecord: 0.0ms)


Started GET "/chirper/index" for 127.0.0.1 at 2010-10-19 13:27:40 -0400
  Processing by ChirperController#index as HTML
Rendered chirper/index.html.erb within layouts/application (8.0ms)
Completed 200 OK in 29ms (Views: 29.0ms | ActiveRecord: 0.0ms)


Started GET "/chirper/index" for 127.0.0.1 at 2010-10-19 13:28:04 -0400
  Processing by ChirperController#index as HTML
Rendered chirper/index.html.erb within layouts/application (8.0ms)
Completed 200 OK in 30ms (Views: 30.0ms | ActiveRecord: 0.0ms)


Started GET "/chirper/index" for 127.0.0.1 at 2010-10-19 13:30:40 -0400
  Processing by ChirperController#index as HTML
Rendered chirper/index.html.erb within layouts/application (8.0ms)
Completed 200 OK in 30ms (Views: 30.0ms | ActiveRecord: 0.0ms)


Started GET "/chirper/index" for 127.0.0.1 at 2010-10-19 13:30:47 -0400
  Processing by ChirperController#index as HTML
Rendered chirper/index.html.erb within layouts/application (7.0ms)
Completed 200 OK in 31ms (Views: 30.0ms | ActiveRecord: 0.0ms)


Started GET "/chirper/demo" for 127.0.0.1 at 2010-10-19 13:31:20 -0400
  Processing by ChirperController#demo as HTML
Rendered chirper/demo.html.erb within layouts/application (5.0ms)
Completed 200 OK in 27ms (Views: 27.0ms | ActiveRecord: 0.0ms)


Started GET "/chirper/index" for 127.0.0.1 at 2010-10-19 13:31:49 -0400
  Processing by ChirperController#index as HTML
Rendered chirper/index.html.erb within layouts/application (8.0ms)
Completed 200 OK in 31ms (Views: 31.0ms | ActiveRecord: 0.0ms)


Started GET "/chirper/index" for 127.0.0.1 at 2010-10-19 13:32:00 -0400
  Processing by ChirperController#index as HTML
Rendered chirper/index.html.erb within layouts/application (8.0ms)
Completed 200 OK in 31ms (Views: 30.0ms | ActiveRecord: 0.0ms)


Started GET "/chirper/index" for 127.0.0.1 at 2010-10-19 13:32:10 -0400
  Processing by ChirperController#index as HTML
Rendered chirper/index.html.erb within layouts/application (8.0ms)
Completed 200 OK in 31ms (Views: 31.0ms | ActiveRecord: 0.0ms)


Started GET "/chirper/index" for 127.0.0.1 at 2010-10-19 13:32:23 -0400
  Processing by ChirperController#index as HTML
Rendered chirper/index.html.erb within layouts/application (8.0ms)
Completed 200 OK in 30ms (Views: 30.0ms | ActiveRecord: 0.0ms)


Started GET "/chirper/index" for 127.0.0.1 at 2010-10-19 13:32:29 -0400
  Processing by ChirperController#index as HTML
Rendered chirper/index.html.erb within layouts/application (8.0ms)
Completed 200 OK in 30ms (Views: 29.0ms | ActiveRecord: 0.0ms)


Started GET "/chirper/index" for 127.0.0.1 at 2010-10-19 13:32:45 -0400
  Processing by ChirperController#index as HTML
Rendered chirper/index.html.erb within layouts/application (8.0ms)
Completed 200 OK in 31ms (Views: 30.0ms | ActiveRecord: 0.0ms)


Started GET "/chirper/index" for 127.0.0.1 at 2010-10-19 13:34:05 -0400
  Processing by ChirperController#index as HTML
Rendered chirper/index.html.erb within layouts/application (7.0ms)
Completed 200 OK in 31ms (Views: 30.0ms | ActiveRecord: 0.0ms)


Started GET "/chirper/index" for 127.0.0.1 at 2010-10-19 13:34:15 -0400
  Processing by ChirperController#index as HTML
Rendered chirper/index.html.erb within layouts/application (8.0ms)
Completed 200 OK in 30ms (Views: 29.0ms | ActiveRecord: 0.0ms)


Started GET "/chirper/index" for 127.0.0.1 at 2010-10-19 13:37:46 -0400
  Processing by ChirperController#index as HTML
Rendered chirper/index.html.erb within layouts/application (7.0ms)
Completed 200 OK in 31ms (Views: 30.0ms | ActiveRecord: 0.0ms)


Started GET "/chirper/index" for 127.0.0.1 at 2010-10-19 13:38:22 -0400
  Processing by ChirperController#index as HTML
Rendered chirper/index.html.erb within layouts/application (7.0ms)
Completed 200 OK in 30ms (Views: 30.0ms | ActiveRecord: 0.0ms)


Started GET "/stylesheets/images/img01.gif" for 127.0.0.1 at 2010-10-19 13:38:23 -0400

ActionController::RoutingError (No route matches "/stylesheets/images/img01.gif"):
  

Rendered C:/Ruby/lib/ruby/gems/1.9.1/gems/actionpack-3.0.0.rc2/lib/action_dispatch/middleware/templates/rescues/routing_error.erb within rescues/layout (1.0ms)


Started GET "/stylesheets/images/img02.gif" for 127.0.0.1 at 2010-10-19 13:38:23 -0400

ActionController::RoutingError (No route matches "/stylesheets/images/img02.gif"):
  

Rendered C:/Ruby/lib/ruby/gems/1.9.1/gems/actionpack-3.0.0.rc2/lib/action_dispatch/middleware/templates/rescues/routing_error.erb within rescues/layout (1.0ms)


Started GET "/stylesheets/images/img02.gif" for 127.0.0.1 at 2010-10-19 13:38:23 -0400

ActionController::RoutingError (No route matches "/stylesheets/images/img02.gif"):
  

Rendered C:/Ruby/lib/ruby/gems/1.9.1/gems/actionpack-3.0.0.rc2/lib/action_dispatch/middleware/templates/rescues/routing_error.erb within rescues/layout (1.0ms)


Started GET "/stylesheets/images/img01.gif" for 127.0.0.1 at 2010-10-19 13:38:23 -0400

ActionController::RoutingError (No route matches "/stylesheets/images/img01.gif"):
  

Rendered C:/Ruby/lib/ruby/gems/1.9.1/gems/actionpack-3.0.0.rc2/lib/action_dispatch/middleware/templates/rescues/routing_error.erb within rescues/layout (1.0ms)


Started GET "/stylesheets/images/img05.gif" for 127.0.0.1 at 2010-10-19 13:38:23 -0400

ActionController::RoutingError (No route matches "/stylesheets/images/img05.gif"):
  

Rendered C:/Ruby/lib/ruby/gems/1.9.1/gems/actionpack-3.0.0.rc2/lib/action_dispatch/middleware/templates/rescues/routing_error.erb within rescues/layout (1.0ms)


Started GET "/stylesheets/images/img05.gif" for 127.0.0.1 at 2010-10-19 13:38:23 -0400

ActionController::RoutingError (No route matches "/stylesheets/images/img05.gif"):
  

Rendered C:/Ruby/lib/ruby/gems/1.9.1/gems/actionpack-3.0.0.rc2/lib/action_dispatch/middleware/templates/rescues/routing_error.erb within rescues/layout (1.0ms)


Started GET "/chirper/index" for 127.0.0.1 at 2010-10-19 13:38:34 -0400
  Processing by ChirperController#index as HTML
Rendered chirper/index.html.erb within layouts/application (7.0ms)
Completed 200 OK in 30ms (Views: 29.0ms | ActiveRecord: 0.0ms)


Started GET "/chirper/index" for 127.0.0.1 at 2010-10-19 13:39:50 -0400
  Processing by ChirperController#index as HTML
Rendered chirper/index.html.erb within layouts/application (7.0ms)
Completed 200 OK in 30ms (Views: 30.0ms | ActiveRecord: 0.0ms)


Started GET "/chirper/index" for 127.0.0.1 at 2010-10-19 13:40:43 -0400
  Processing by ChirperController#index as HTML
Rendered chirper/index.html.erb within layouts/application (8.0ms)
Completed 200 OK in 29ms (Views: 29.0ms | ActiveRecord: 0.0ms)


Started GET "/chirper/index" for 127.0.0.1 at 2010-10-19 13:40:57 -0400
  Processing by ChirperController#index as HTML
Rendered chirper/index.html.erb within layouts/application (9.0ms)
Completed 200 OK in 31ms (Views: 30.0ms | ActiveRecord: 0.0ms)


Started GET "/chirper/index" for 127.0.0.1 at 2010-10-19 13:41:12 -0400
  Processing by ChirperController#index as HTML
Rendered chirper/index.html.erb within layouts/application (8.0ms)
Completed 200 OK in 31ms (Views: 30.0ms | ActiveRecord: 0.0ms)


Started GET "/chirper/demo" for 127.0.0.1 at 2010-10-19 13:41:19 -0400
  Processing by ChirperController#demo as HTML
Rendered chirper/demo.html.erb within layouts/application (5.0ms)
Completed 200 OK in 27ms (Views: 26.0ms | ActiveRecord: 0.0ms)


Started GET "/chirper/downloads" for 127.0.0.1 at 2010-10-19 13:41:22 -0400
  Processing by ChirperController#downloads as HTML
Rendered chirper/downloads.html.erb within layouts/application (5.0ms)
Completed 200 OK in 28ms (Views: 28.0ms | ActiveRecord: 0.0ms)


Started GET "/chirper/resources" for 127.0.0.1 at 2010-10-19 13:41:24 -0400
  Processing by ChirperController#resources as HTML
Rendered chirper/resources.html.erb within layouts/application (6.0ms)
Completed 200 OK in 27ms (Views: 27.0ms | ActiveRecord: 0.0ms)


Started GET "/chirper/index" for 127.0.0.1 at 2010-10-19 13:41:26 -0400
  Processing by ChirperController#index as HTML
Rendered chirper/index.html.erb within layouts/application (8.0ms)
Completed 200 OK in 31ms (Views: 30.0ms | ActiveRecord: 0.0ms)


Started GET "/chirper/index" for 127.0.0.1 at 2010-10-19 13:41:37 -0400
  Processing by ChirperController#index as HTML
Rendered chirper/index.html.erb within layouts/application (7.0ms)
Completed 200 OK in 32ms (Views: 31.0ms | ActiveRecord: 0.0ms)


Started GET "/chirper/index" for 127.0.0.1 at 2010-10-19 13:41:53 -0400
  Processing by ChirperController#index as HTML
Rendered chirper/index.html.erb within layouts/application (8.0ms)
Completed 200 OK in 31ms (Views: 30.0ms | ActiveRecord: 0.0ms)


Started GET "/chirper/index" for 127.0.0.1 at 2010-10-19 13:42:35 -0400
  Processing by ChirperController#index as HTML
Rendered chirper/index.html.erb within layouts/application (8.0ms)
Completed 200 OK in 29ms (Views: 29.0ms | ActiveRecord: 0.0ms)


Started GET "/chirper/demo" for 127.0.0.1 at 2010-10-19 13:42:49 -0400
  Processing by ChirperController#demo as HTML
Rendered chirper/demo.html.erb within layouts/application (5.0ms)
Completed 200 OK in 28ms (Views: 26.0ms | ActiveRecord: 0.0ms)


Started GET "/chirper/support" for 127.0.0.1 at 2010-10-19 13:42:52 -0400
  Processing by ChirperController#support as HTML
Rendered chirper/support.html.erb within layouts/application (5.0ms)
Completed 200 OK in 28ms (Views: 28.0ms | ActiveRecord: 0.0ms)


Started GET "/chirper/downloads" for 127.0.0.1 at 2010-10-19 13:42:53 -0400
  Processing by ChirperController#downloads as HTML
Rendered chirper/downloads.html.erb within layouts/application (5.0ms)
Completed 200 OK in 28ms (Views: 28.0ms | ActiveRecord: 0.0ms)


Started GET "/chirper/resources" for 127.0.0.1 at 2010-10-19 13:42:54 -0400
  Processing by ChirperController#resources as HTML
Rendered chirper/resources.html.erb within layouts/application (6.0ms)
Completed 200 OK in 28ms (Views: 27.0ms | ActiveRecord: 0.0ms)


Started GET "/chirper/demo" for 127.0.0.1 at 2010-10-19 13:42:56 -0400
  Processing by ChirperController#demo as HTML
Rendered chirper/demo.html.erb within layouts/application (6.0ms)
Completed 200 OK in 28ms (Views: 28.0ms | ActiveRecord: 0.0ms)


Started GET "/chirper/support" for 127.0.0.1 at 2010-10-19 13:42:58 -0400
  Processing by ChirperController#support as HTML
Rendered chirper/support.html.erb within layouts/application (25.0ms)
Completed 200 OK in 47ms (Views: 46.0ms | ActiveRecord: 0.0ms)


Started GET "/chirper/demo" for 127.0.0.1 at 2010-10-19 13:43:17 -0400
  Processing by ChirperController#demo as HTML
Rendered chirper/demo.html.erb within layouts/application (5.0ms)
Completed 200 OK in 27ms (Views: 27.0ms | ActiveRecord: 0.0ms)


Started GET "/chirper/support" for 127.0.0.1 at 2010-10-19 13:43:33 -0400
  Processing by ChirperController#support as HTML
Rendered chirper/support.html.erb within layouts/application (6.0ms)
Completed 200 OK in 28ms (Views: 28.0ms | ActiveRecord: 0.0ms)


Started GET "/chirper/downloads" for 127.0.0.1 at 2010-10-19 13:43:47 -0400
  Processing by ChirperController#downloads as HTML
Rendered chirper/downloads.html.erb within layouts/application (5.0ms)
Completed 200 OK in 28ms (Views: 27.0ms | ActiveRecord: 0.0ms)


Started GET "/chirper/downloads" for 127.0.0.1 at 2010-10-19 13:44:32 -0400
  Processing by ChirperController#downloads as HTML
Rendered chirper/downloads.html.erb within layouts/application (5.0ms)
Completed 200 OK in 29ms (Views: 29.0ms | ActiveRecord: 0.0ms)


Started GET "/chirper/index" for 127.0.0.1 at 2010-10-19 13:44:36 -0400
  Processing by ChirperController#index as HTML
Rendered chirper/index.html.erb within layouts/application (9.0ms)
Completed 200 OK in 32ms (Views: 31.0ms | ActiveRecord: 0.0ms)


Started GET "/chirper/index" for 127.0.0.1 at 2010-10-19 13:44:40 -0400
  Processing by ChirperController#index as HTML
Rendered chirper/index.html.erb within layouts/application (9.0ms)
Completed 200 OK in 30ms (Views: 30.0ms | ActiveRecord: 0.0ms)


Started GET "/chirper/demo" for 127.0.0.1 at 2010-10-19 13:44:42 -0400
  Processing by ChirperController#demo as HTML
Rendered chirper/demo.html.erb within layouts/application (6.0ms)
Completed 200 OK in 29ms (Views: 28.0ms | ActiveRecord: 0.0ms)


Started GET "/chirper/demo" for 127.0.0.1 at 2010-10-19 13:47:15 -0400
  Processing by ChirperController#demo as HTML
Rendered chirper/demo.html.erb within layouts/application (5.0ms)
Completed 200 OK in 45ms (Views: 45.0ms | ActiveRecord: 0.0ms)


Started GET "/chirper/index" for 127.0.0.1 at 2010-10-19 13:47:17 -0400
  Processing by ChirperController#index as HTML
Rendered chirper/index.html.erb within layouts/application (7.0ms)
Completed 200 OK in 32ms (Views: 30.0ms | ActiveRecord: 0.0ms)


Started GET "/chirper/resources" for 127.0.0.1 at 2010-10-19 13:47:20 -0400
  Processing by ChirperController#resources as HTML
Rendered chirper/resources.html.erb within layouts/application (7.0ms)
Completed 200 OK in 30ms (Views: 30.0ms | ActiveRecord: 0.0ms)


Started GET "/chirper/resources" for 127.0.0.1 at 2010-10-19 13:48:06 -0400
  Processing by ChirperController#resources as HTML
Rendered chirper/resources.html.erb within layouts/application (8.0ms)
Completed 200 OK in 32ms (Views: 31.0ms | ActiveRecord: 0.0ms)


Started GET "/chirper/index" for 127.0.0.1 at 2010-10-19 13:48:07 -0400
  Processing by ChirperController#index as HTML
Rendered chirper/index.html.erb within layouts/application (8.0ms)
Completed 200 OK in 30ms (Views: 30.0ms | ActiveRecord: 0.0ms)


Started GET "/chirper/index" for 127.0.0.1 at 2010-10-19 13:48:22 -0400
  Processing by ChirperController#index as HTML
Rendered chirper/index.html.erb within layouts/application (8.0ms)
Completed 200 OK in 30ms (Views: 30.0ms | ActiveRecord: 0.0ms)


Started GET "/chirper/index" for 127.0.0.1 at 2010-10-19 13:48:29 -0400
  Processing by ChirperController#index as HTML
Rendered chirper/index.html.erb within layouts/application (7.0ms)
Completed 200 OK in 29ms (Views: 29.0ms | ActiveRecord: 0.0ms)


Started GET "/chirper/index" for 127.0.0.1 at 2010-10-19 13:59:04 -0400
  Processing by ChirperController#index as HTML
Rendered chirper/index.html.erb within layouts/application (8.0ms)
Completed 200 OK in 30ms (Views: 29.0ms | ActiveRecord: 0.0ms)


Started GET "/chirper/resources" for 127.0.0.1 at 2010-10-19 13:59:06 -0400
  Processing by ChirperController#resources as HTML
Rendered chirper/resources.html.erb within layouts/application (8.0ms)
Completed 200 OK in 30ms (Views: 29.0ms | ActiveRecord: 0.0ms)


Started GET "/chirper/resources" for 127.0.0.1 at 2010-10-19 14:00:10 -0400
  Processing by ChirperController#resources as HTML
Rendered chirper/resources.html.erb within layouts/application (7.0ms)
Completed 200 OK in 31ms (Views: 31.0ms | ActiveRecord: 0.0ms)


Started GET "/chirper/resources" for 127.0.0.1 at 2010-10-19 14:01:25 -0400
  Processing by ChirperController#resources as HTML
Rendered chirper/resources.html.erb within layouts/application (8.0ms)
Completed 200 OK in 30ms (Views: 30.0ms | ActiveRecord: 0.0ms)


Started GET "/chirper/resources" for 127.0.0.1 at 2010-10-19 14:01:45 -0400
  Processing by ChirperController#resources as HTML
Rendered chirper/resources.html.erb within layouts/application (8.0ms)
Completed 200 OK in 31ms (Views: 31.0ms | ActiveRecord: 0.0ms)


Started GET "/chirper/resources" for 127.0.0.1 at 2010-10-19 14:02:03 -0400
  Processing by ChirperController#resources as HTML
Rendered chirper/resources.html.erb within layouts/application (8.0ms)
Completed 200 OK in 30ms (Views: 30.0ms | ActiveRecord: 0.0ms)


Started GET "/chirper/demo" for 127.0.0.1 at 2010-10-19 14:02:28 -0400
  Processing by ChirperController#demo as HTML
Rendered chirper/demo.html.erb within layouts/application (5.0ms)
Completed 200 OK in 27ms (Views: 27.0ms | ActiveRecord: 0.0ms)


Started GET "/chirper/demo" for 127.0.0.1 at 2010-10-19 14:24:58 -0400
  Processing by ChirperController#demo as HTML
Rendered chirper/demo.html.erb within layouts/application (5.0ms)
Completed 200 OK in 27ms (Views: 27.0ms | ActiveRecord: 0.0ms)


Started GET "/chirper/support" for 127.0.0.1 at 2010-10-19 14:25:04 -0400
  Processing by ChirperController#support as HTML
Rendered chirper/support.html.erb within layouts/application (9.0ms)
Completed 200 OK in 30ms (Views: 30.0ms | ActiveRecord: 0.0ms)


Started GET "/chirper/support" for 127.0.0.1 at 2010-10-19 14:25:49 -0400
  Processing by ChirperController#support as HTML
Rendered chirper/support.html.erb within layouts/application (8.0ms)
Completed 200 OK in 30ms (Views: 29.0ms | ActiveRecord: 0.0ms)


Started GET "/chirper/downloads" for 127.0.0.1 at 2010-10-19 14:26:00 -0400
  Processing by ChirperController#downloads as HTML
Rendered chirper/downloads.html.erb within layouts/application (5.0ms)
Completed 200 OK in 27ms (Views: 27.0ms | ActiveRecord: 0.0ms)


Started GET "/chirper/resources" for 127.0.0.1 at 2010-10-19 14:26:01 -0400
  Processing by ChirperController#resources as HTML
Rendered chirper/resources.html.erb within layouts/application (9.0ms)
Completed 200 OK in 31ms (Views: 31.0ms | ActiveRecord: 0.0ms)


Started GET "/chirper/demo" for 127.0.0.1 at 2010-10-19 14:26:03 -0400
  Processing by ChirperController#demo as HTML
Rendered chirper/demo.html.erb within layouts/application (6.0ms)
Completed 200 OK in 46ms (Views: 45.0ms | ActiveRecord: 0.0ms)


Started GET "/chirper/downloads" for 127.0.0.1 at 2010-10-19 14:26:33 -0400
  Processing by ChirperController#downloads as HTML
Rendered chirper/downloads.html.erb within layouts/application (7.0ms)
Completed 200 OK in 30ms (Views: 29.0ms | ActiveRecord: 0.0ms)


Started GET "/chirper/support" for 127.0.0.1 at 2010-10-19 14:26:36 -0400
  Processing by ChirperController#support as HTML
Rendered chirper/support.html.erb within layouts/application (8.0ms)
Completed 200 OK in 29ms (Views: 29.0ms | ActiveRecord: 0.0ms)


Started GET "/chirper/downloads" for 127.0.0.1 at 2010-10-19 14:26:39 -0400
  Processing by ChirperController#downloads as HTML
Rendered chirper/downloads.html.erb within layouts/application (10.0ms)
Completed 200 OK in 31ms (Views: 31.0ms | ActiveRecord: 0.0ms)


Started GET "/chirper/downloads" for 127.0.0.1 at 2010-10-19 14:26:53 -0400
  Processing by ChirperController#downloads as HTML
Rendered chirper/downloads.html.erb within layouts/application (8.0ms)
Completed 200 OK in 30ms (Views: 30.0ms | ActiveRecord: 0.0ms)


Started GET "/chirper/downloads" for 127.0.0.1 at 2010-10-19 14:27:46 -0400
  Processing by ChirperController#downloads as HTML
Rendered chirper/downloads.html.erb within layouts/application (7.0ms)
Completed 200 OK in 29ms (Views: 29.0ms | ActiveRecord: 0.0ms)


Started GET "/chirper/downloads" for 127.0.0.1 at 2010-10-19 14:27:57 -0400
  Processing by ChirperController#downloads as HTML
Rendered chirper/downloads.html.erb within layouts/application (10.0ms)
Completed 200 OK in 32ms (Views: 32.0ms | ActiveRecord: 0.0ms)


Started GET "/chirper/demo" for 127.0.0.1 at 2010-10-19 14:28:30 -0400
  Processing by ChirperController#demo as HTML
Rendered chirper/demo.html.erb within layouts/application (5.0ms)
Completed 200 OK in 28ms (Views: 28.0ms | ActiveRecord: 0.0ms)


Started GET "/chirper/demo" for 127.0.0.1 at 2010-10-19 14:29:51 -0400
  Processing by ChirperController#demo as HTML
Rendered chirper/demo.html.erb within layouts/application (8.0ms)
Completed 200 OK in 30ms (Views: 30.0ms | ActiveRecord: 0.0ms)


Started GET "/chirper/downloads" for 127.0.0.1 at 2010-10-19 14:33:26 -0400
  Processing by ChirperController#downloads as HTML
Rendered chirper/downloads.html.erb within layouts/application (8.0ms)
Completed 200 OK in 35ms (Views: 34.0ms | ActiveRecord: 0.0ms)


Started GET "/chirper/downloads" for 127.0.0.1 at 2010-10-19 14:35:04 -0400
  Processing by ChirperController#downloads as HTML
Rendered chirper/downloads.html.erb within layouts/application (8.0ms)
Completed 200 OK in 33ms (Views: 32.0ms | ActiveRecord: 0.0ms)


Started GET "/chirper/downloads" for 127.0.0.1 at 2010-10-19 14:35:31 -0400
  Processing by ChirperController#downloads as HTML
Rendered chirper/downloads.html.erb within layouts/application (8.0ms)
Completed 200 OK in 31ms (Views: 31.0ms | ActiveRecord: 0.0ms)


Started GET "/chirper/downloads" for 127.0.0.1 at 2010-10-19 14:39:40 -0400
  Processing by ChirperController#downloads as HTML
Rendered chirper/downloads.html.erb within layouts/application (9.0ms)
Completed 200 OK in 43ms (Views: 43.0ms | ActiveRecord: 0.0ms)


Started GET "/chirper/downloads" for 127.0.0.1 at 2010-10-19 14:40:07 -0400
  Processing by ChirperController#downloads as HTML
Rendered chirper/downloads.html.erb within layouts/application (8.0ms)
Completed 200 OK in 31ms (Views: 30.0ms | ActiveRecord: 0.0ms)


Started GET "/chirper/support" for 127.0.0.1 at 2010-10-19 14:40:37 -0400
  Processing by ChirperController#support as HTML
Rendered chirper/support.html.erb within layouts/application (9.0ms)
Completed 200 OK in 31ms (Views: 31.0ms | ActiveRecord: 0.0ms)


Started GET "/chirper/support" for 127.0.0.1 at 2010-10-19 14:41:02 -0400
  Processing by ChirperController#support as HTML
Rendered chirper/support.html.erb within layouts/application (8.0ms)
Completed 200 OK in 31ms (Views: 30.0ms | ActiveRecord: 0.0ms)


Started GET "/chirper/chirper/feedback" for 127.0.0.1 at 2010-10-19 14:41:03 -0400

ActionController::RoutingError (No route matches "/chirper/chirper/feedback"):
  

Rendered C:/Ruby/lib/ruby/gems/1.9.1/gems/actionpack-3.0.0.rc2/lib/action_dispatch/middleware/templates/rescues/routing_error.erb within rescues/layout (1.0ms)


Started GET "/chirper/chirper/feedback" for 127.0.0.1 at 2010-10-19 14:41:10 -0400

ActionController::RoutingError (No route matches "/chirper/chirper/feedback"):
  

Rendered C:/Ruby/lib/ruby/gems/1.9.1/gems/actionpack-3.0.0.rc2/lib/action_dispatch/middleware/templates/rescues/routing_error.erb within rescues/layout (1.0ms)


Started GET "/chirper/support" for 127.0.0.1 at 2010-10-19 14:41:14 -0400
  Processing by ChirperController#support as HTML
Rendered chirper/support.html.erb within layouts/application (9.0ms)
Completed 200 OK in 31ms (Views: 30.0ms | ActiveRecord: 0.0ms)


Started GET "/chirper/feedback" for 127.0.0.1 at 2010-10-19 14:41:16 -0400
  Processing by ChirperController#feedback as HTML
Rendered chirper/feedback.html.erb within layouts/application (8.0ms)
Completed 200 OK in 31ms (Views: 30.0ms | ActiveRecord: 0.0ms)


Started GET "/chirper/feedback" for 127.0.0.1 at 2010-10-19 14:41:39 -0400
  Processing by ChirperController#feedback as HTML
Rendered chirper/feedback.html.erb within layouts/application (9.0ms)
Completed 200 OK in 31ms (Views: 30.0ms | ActiveRecord: 0.0ms)


Started GET "/chirper/feedback" for 127.0.0.1 at 2010-10-19 14:41:50 -0400
  Processing by ChirperController#feedback as HTML
Rendered chirper/feedback.html.erb within layouts/application (9.0ms)
Completed 200 OK in 31ms (Views: 31.0ms | ActiveRecord: 0.0ms)


Started GET "/chirper/feedback" for 127.0.0.1 at 2010-10-19 14:42:12 -0400
  Processing by ChirperController#feedback as HTML
Rendered chirper/feedback.html.erb within layouts/application (8.0ms)
Completed 200 OK in 30ms (Views: 30.0ms | ActiveRecord: 0.0ms)


Started GET "/chirper/feedback" for 127.0.0.1 at 2010-10-19 14:42:20 -0400
  Processing by ChirperController#feedback as HTML
Rendered chirper/feedback.html.erb within layouts/application (9.0ms)
Completed 200 OK in 31ms (Views: 31.0ms | ActiveRecord: 0.0ms)


Started GET "/chirper/feedback" for 127.0.0.1 at 2010-10-19 14:42:33 -0400
  Processing by ChirperController#feedback as HTML
Rendered chirper/feedback.html.erb within layouts/application (8.0ms)
Completed 200 OK in 30ms (Views: 30.0ms | ActiveRecord: 0.0ms)


Started GET "/chirper/feedback" for 127.0.0.1 at 2010-10-19 14:42:52 -0400
  Processing by ChirperController#feedback as HTML
Rendered chirper/feedback.html.erb within layouts/application (8.0ms)
Completed 200 OK in 30ms (Views: 29.0ms | ActiveRecord: 0.0ms)


Started GET "/chirper/feedback" for 127.0.0.1 at 2010-10-19 14:43:02 -0400
  Processing by ChirperController#feedback as HTML
Rendered chirper/feedback.html.erb within layouts/application (8.0ms)
Completed 200 OK in 31ms (Views: 30.0ms | ActiveRecord: 0.0ms)


Started GET "/chirper/feedback" for 127.0.0.1 at 2010-10-19 14:43:13 -0400
  Processing by ChirperController#feedback as HTML
Rendered chirper/feedback.html.erb within layouts/application (9.0ms)
Completed 200 OK in 31ms (Views: 30.0ms | ActiveRecord: 0.0ms)


Started GET "/chirper/feedback" for 127.0.0.1 at 2010-10-19 14:43:19 -0400
  Processing by ChirperController#feedback as HTML
Rendered chirper/feedback.html.erb within layouts/application (8.0ms)
Completed 200 OK in 30ms (Views: 30.0ms | ActiveRecord: 0.0ms)


Started GET "/chirper/feedback" for 127.0.0.1 at 2010-10-19 14:43:30 -0400
  Processing by ChirperController#feedback as HTML
Rendered chirper/feedback.html.erb within layouts/application (8.0ms)
Completed 200 OK in 30ms (Views: 30.0ms | ActiveRecord: 0.0ms)


Started GET "/chirper/feedback" for 127.0.0.1 at 2010-10-19 14:46:45 -0400
  Processing by ChirperController#feedback as HTML
Rendered chirper/feedback.html.erb within layouts/application (8.0ms)
Completed 200 OK in 29ms (Views: 29.0ms | ActiveRecord: 0.0ms)


Started GET "/chirper/feedback" for 127.0.0.1 at 2010-10-19 14:47:11 -0400
  Processing by ChirperController#feedback as HTML
Rendered chirper/feedback.html.erb within layouts/application (8.0ms)
Completed 200 OK in 30ms (Views: 29.0ms | ActiveRecord: 0.0ms)


Started GET "/chirper/feedback" for 127.0.0.1 at 2010-10-19 14:47:20 -0400
  Processing by ChirperController#feedback as HTML
Rendered chirper/feedback.html.erb within layouts/application (8.0ms)
Completed 200 OK in 30ms (Views: 30.0ms | ActiveRecord: 0.0ms)


Started GET "/chirper/feedback" for 127.0.0.1 at 2010-10-19 14:47:26 -0400
  Processing by ChirperController#feedback as HTML
Rendered chirper/feedback.html.erb within layouts/application (8.0ms)
Completed 200 OK in 30ms (Views: 30.0ms | ActiveRecord: 0.0ms)


Started GET "/chirper/feedback" for 127.0.0.1 at 2010-10-19 14:47:33 -0400
  Processing by ChirperController#feedback as HTML
Rendered chirper/feedback.html.erb within layouts/application (8.0ms)
Completed 200 OK in 30ms (Views: 30.0ms | ActiveRecord: 0.0ms)


Started GET "/chirper/feedback" for 127.0.0.1 at 2010-10-19 14:48:12 -0400
  Processing by ChirperController#feedback as HTML
Rendered chirper/feedback.html.erb within layouts/application (7.0ms)
Completed 200 OK in 30ms (Views: 30.0ms | ActiveRecord: 0.0ms)


Started GET "/chirper/feedback" for 127.0.0.1 at 2010-10-19 14:48:22 -0400
  Processing by ChirperController#feedback as HTML
Rendered chirper/feedback.html.erb within layouts/application (8.0ms)
Completed 200 OK in 31ms (Views: 30.0ms | ActiveRecord: 0.0ms)


Started GET "/chirper/demo" for 127.0.0.1 at 2010-10-19 14:48:34 -0400
  Processing by ChirperController#demo as HTML
Rendered chirper/demo.html.erb within layouts/application (7.0ms)
Completed 200 OK in 30ms (Views: 30.0ms | ActiveRecord: 0.0ms)


Started GET "/chirper/support" for 127.0.0.1 at 2010-10-19 14:48:35 -0400
  Processing by ChirperController#support as HTML
Rendered chirper/support.html.erb within layouts/application (8.0ms)
Completed 200 OK in 30ms (Views: 30.0ms | ActiveRecord: 0.0ms)


Started GET "/chirper/downloads" for 127.0.0.1 at 2010-10-19 14:48:39 -0400
  Processing by ChirperController#downloads as HTML
Rendered chirper/downloads.html.erb within layouts/application (8.0ms)
Completed 200 OK in 30ms (Views: 29.0ms | ActiveRecord: 0.0ms)


Started GET "/chirper/resources" for 127.0.0.1 at 2010-10-19 14:48:43 -0400
  Processing by ChirperController#resources as HTML
Rendered chirper/resources.html.erb within layouts/application (8.0ms)
Completed 200 OK in 31ms (Views: 30.0ms | ActiveRecord: 0.0ms)


Started GET "/chirper/index" for 127.0.0.1 at 2010-10-19 14:48:49 -0400
  Processing by ChirperController#index as HTML
Rendered chirper/index.html.erb within layouts/application (8.0ms)
Completed 200 OK in 29ms (Views: 29.0ms | ActiveRecord: 0.0ms)


Started GET "/chirper/demo" for 127.0.0.1 at 2010-10-19 14:56:24 -0400
  Processing by ChirperController#demo as HTML
Rendered chirper/demo.html.erb within layouts/application (8.0ms)
Completed 200 OK in 29ms (Views: 29.0ms | ActiveRecord: 0.0ms)


Started GET "/chirper/support" for 127.0.0.1 at 2010-10-19 14:56:28 -0400
  Processing by ChirperController#support as HTML
Rendered chirper/support.html.erb within layouts/application (7.0ms)
Completed 200 OK in 30ms (Views: 29.0ms | ActiveRecord: 0.0ms)


Started GET "/chirper/downloads" for 127.0.0.1 at 2010-10-19 14:56:35 -0400
  Processing by ChirperController#downloads as HTML
Rendered chirper/downloads.html.erb within layouts/application (8.0ms)
Completed 200 OK in 30ms (Views: 29.0ms | ActiveRecord: 0.0ms)


Started GET "/chirper/resources" for 127.0.0.1 at 2010-10-19 14:57:05 -0400
  Processing by ChirperController#resources as HTML
Rendered chirper/resources.html.erb within layouts/application (7.0ms)
Completed 200 OK in 30ms (Views: 29.0ms | ActiveRecord: 0.0ms)


Started GET "/chirper/index" for 127.0.0.1 at 2010-10-19 14:58:02 -0400
  Processing by ChirperController#index as HTML
Rendered chirper/index.html.erb within layouts/application (9.0ms)
Completed 200 OK in 32ms (Views: 31.0ms | ActiveRecord: 0.0ms)


Started POST "/chirper/index" for 127.0.0.1 at 2010-10-19 14:58:24 -0400

ActionController::RoutingError (No route matches "/chirper/index"):
  

Rendered C:/Ruby/lib/ruby/gems/1.9.1/gems/actionpack-3.0.0.rc2/lib/action_dispatch/middleware/templates/rescues/routing_error.erb within rescues/layout (1.0ms)


Started GET "/chirper/demo" for 127.0.0.1 at 2010-10-19 14:59:53 -0400
  Processing by ChirperController#demo as HTML
Rendered chirper/demo.html.erb within layouts/application (8.0ms)
Completed 200 OK in 29ms (Views: 29.0ms | ActiveRecord: 0.0ms)


Started GET "/chirper/support" for 127.0.0.1 at 2010-10-19 15:00:18 -0400
  Processing by ChirperController#support as HTML
Rendered chirper/support.html.erb within layouts/application (8.0ms)
Completed 200 OK in 29ms (Views: 29.0ms | ActiveRecord: 0.0ms)


Started GET "/chirper/feedback" for 127.0.0.1 at 2010-10-19 15:00:31 -0400
  Processing by ChirperController#feedback as HTML
Rendered chirper/feedback.html.erb within layouts/application (8.0ms)
Completed 200 OK in 31ms (Views: 31.0ms | ActiveRecord: 0.0ms)


Started GET "/chirper/downloads" for 127.0.0.1 at 2010-10-19 15:00:49 -0400
  Processing by ChirperController#downloads as HTML
Rendered chirper/downloads.html.erb within layouts/application (7.0ms)
Completed 200 OK in 31ms (Views: 31.0ms | ActiveRecord: 0.0ms)


Started GET "/chirper/resources" for 127.0.0.1 at 2010-10-19 15:03:02 -0400
  Processing by ChirperController#resources as HTML
Rendered chirper/resources.html.erb within layouts/application (7.0ms)
Completed 200 OK in 29ms (Views: 29.0ms | ActiveRecord: 0.0ms)


Started GET "/chirper/index" for 127.0.0.1 at 2010-10-19 15:50:50 -0400
  Processing by ChirperController#index as HTML
Rendered chirper/index.html.erb within layouts/application (8.0ms)
Completed 200 OK in 32ms (Views: 32.0ms | ActiveRecord: 0.0ms)


Started GET "/chirper/demo" for 127.0.0.1 at 2010-10-19 15:51:57 -0400
  Processing by ChirperController#demo as HTML
Rendered chirper/demo.html.erb within layouts/application (9.0ms)
Completed 200 OK in 31ms (Views: 31.0ms | ActiveRecord: 0.0ms)


Started GET "/chirper/support" for 127.0.0.1 at 2010-10-19 15:52:03 -0400
  Processing by ChirperController#support as HTML
Rendered chirper/support.html.erb within layouts/application (7.0ms)
Completed 200 OK in 30ms (Views: 30.0ms | ActiveRecord: 0.0ms)


Started GET "/chirper/downloads" for 127.0.0.1 at 2010-10-19 15:52:26 -0400
  Processing by ChirperController#downloads as HTML
Rendered chirper/downloads.html.erb within layouts/application (7.0ms)
Completed 200 OK in 31ms (Views: 31.0ms | ActiveRecord: 0.0ms)


Started GET "/chirper/resources" for 127.0.0.1 at 2010-10-19 15:54:01 -0400
  Processing by ChirperController#resources as HTML
Rendered chirper/resources.html.erb within layouts/application (8.0ms)
Completed 200 OK in 30ms (Views: 29.0ms | ActiveRecord: 0.0ms)
  [1m[36mSQL (37.0ms)[0m  [1m SELECT name
 FROM sqlite_master
 WHERE type = 'table' AND NOT name = 'sqlite_sequence'
[0m
  [1m[35mSQL (0.0ms)[0m  select sqlite_version(*)
  [1m[36mSQL (128.0ms)[0m  [1mCREATE TABLE "schema_migrations" ("version" varchar(255) NOT NULL) [0m
  [1m[35mSQL (1.0ms)[0m  PRAGMA index_list("schema_migrations")
  [1m[36mSQL (88.0ms)[0m  [1mCREATE UNIQUE INDEX "unique_schema_migrations" ON "schema_migrations" ("version")[0m
  [1m[35mSQL (1.0ms)[0m   SELECT name
 FROM sqlite_master
 WHERE type = 'table' AND NOT name = 'sqlite_sequence'
  [1m[36mSQL (0.0ms)[0m  [1m SELECT name
 FROM sqlite_master
 WHERE type = 'table' AND NOT name = 'sqlite_sequence'
[0m
  [1m[35mSQL (0.0ms)[0m   SELECT name
 FROM sqlite_master
 WHERE type = 'table' AND NOT name = 'sqlite_sequence'
  [1m[36mSQL (0.0ms)[0m  [1mSELECT "schema_migrations"."version" FROM "schema_migrations"[0m
  [1m[35mSQL (0.0ms)[0m   SELECT name
 FROM sqlite_master
 WHERE type = 'table' AND NOT name = 'sqlite_sequence'
